<?xml version="1.0" encoding="UTF-8"?>
<testsuite xmlns:xsi="http://www.w3.org/2001/XMLSchema-instance" xsi:noNamespaceSchemaLocation="https://maven.apache.org/surefire/maven-surefire-plugin/xsd/surefire-test-report.xsd" version="3.0.2" name="com.example.hotel.UserAuthService.SupabaseAuthServiceTest" time="1.059" tests="7" errors="7" skipped="0" failures="0">
  <properties>
    <property name="java.specification.version" value="23"/>
    <property name="sun.jnu.encoding" value="UTF-8"/>
    <property name="java.class.path" value="/Users/hazzouma/Documents/uni/sem 19/ACL-Booking-System/UserAuthService/target/test-classes:/Users/hazzouma/Documents/uni/sem 19/ACL-Booking-System/UserAuthService/target/classes:/Users/hazzouma/.m2/repository/org/springframework/boot/spring-boot-starter-web/3.4.4/spring-boot-starter-web-3.4.4.jar:/Users/hazzouma/.m2/repository/org/springframework/boot/spring-boot-starter/3.4.4/spring-boot-starter-3.4.4.jar:/Users/hazzouma/.m2/repository/org/springframework/boot/spring-boot-starter-logging/3.4.4/spring-boot-starter-logging-3.4.4.jar:/Users/hazzouma/.m2/repository/ch/qos/logback/logback-classic/1.5.18/logback-classic-1.5.18.jar:/Users/hazzouma/.m2/repository/ch/qos/logback/logback-core/1.5.18/logback-core-1.5.18.jar:/Users/hazzouma/.m2/repository/org/apache/logging/log4j/log4j-to-slf4j/2.24.3/log4j-to-slf4j-2.24.3.jar:/Users/hazzouma/.m2/repository/org/apache/logging/log4j/log4j-api/2.24.3/log4j-api-2.24.3.jar:/Users/hazzouma/.m2/repository/org/slf4j/jul-to-slf4j/2.0.17/jul-to-slf4j-2.0.17.jar:/Users/hazzouma/.m2/repository/jakarta/annotation/jakarta.annotation-api/2.1.1/jakarta.annotation-api-2.1.1.jar:/Users/hazzouma/.m2/repository/org/yaml/snakeyaml/2.3/snakeyaml-2.3.jar:/Users/hazzouma/.m2/repository/org/springframework/boot/spring-boot-starter-json/3.4.4/spring-boot-starter-json-3.4.4.jar:/Users/hazzouma/.m2/repository/com/fasterxml/jackson/core/jackson-databind/2.18.3/jackson-databind-2.18.3.jar:/Users/hazzouma/.m2/repository/com/fasterxml/jackson/core/jackson-core/2.18.3/jackson-core-2.18.3.jar:/Users/hazzouma/.m2/repository/com/fasterxml/jackson/datatype/jackson-datatype-jdk8/2.18.3/jackson-datatype-jdk8-2.18.3.jar:/Users/hazzouma/.m2/repository/com/fasterxml/jackson/datatype/jackson-datatype-jsr310/2.18.3/jackson-datatype-jsr310-2.18.3.jar:/Users/hazzouma/.m2/repository/com/fasterxml/jackson/module/jackson-module-parameter-names/2.18.3/jackson-module-parameter-names-2.18.3.jar:/Users/hazzouma/.m2/repository/org/springframework/boot/spring-boot-starter-tomcat/3.4.4/spring-boot-starter-tomcat-3.4.4.jar:/Users/hazzouma/.m2/repository/org/apache/tomcat/embed/tomcat-embed-core/10.1.39/tomcat-embed-core-10.1.39.jar:/Users/hazzouma/.m2/repository/org/apache/tomcat/embed/tomcat-embed-websocket/10.1.39/tomcat-embed-websocket-10.1.39.jar:/Users/hazzouma/.m2/repository/org/springframework/spring-web/6.2.5/spring-web-6.2.5.jar:/Users/hazzouma/.m2/repository/org/springframework/spring-beans/6.2.5/spring-beans-6.2.5.jar:/Users/hazzouma/.m2/repository/io/micrometer/micrometer-observation/1.14.5/micrometer-observation-1.14.5.jar:/Users/hazzouma/.m2/repository/io/micrometer/micrometer-commons/1.14.5/micrometer-commons-1.14.5.jar:/Users/hazzouma/.m2/repository/org/springframework/spring-webmvc/6.2.5/spring-webmvc-6.2.5.jar:/Users/hazzouma/.m2/repository/org/springframework/spring-context/6.2.5/spring-context-6.2.5.jar:/Users/hazzouma/.m2/repository/org/springframework/spring-expression/6.2.5/spring-expression-6.2.5.jar:/Users/hazzouma/.m2/repository/org/springframework/boot/spring-boot-starter-data-jpa/3.4.4/spring-boot-starter-data-jpa-3.4.4.jar:/Users/hazzouma/.m2/repository/org/springframework/boot/spring-boot-starter-jdbc/3.4.4/spring-boot-starter-jdbc-3.4.4.jar:/Users/hazzouma/.m2/repository/com/zaxxer/HikariCP/5.1.0/HikariCP-5.1.0.jar:/Users/hazzouma/.m2/repository/org/springframework/spring-jdbc/6.2.5/spring-jdbc-6.2.5.jar:/Users/hazzouma/.m2/repository/org/hibernate/orm/hibernate-core/6.6.11.Final/hibernate-core-6.6.11.Final.jar:/Users/hazzouma/.m2/repository/jakarta/persistence/jakarta.persistence-api/3.1.0/jakarta.persistence-api-3.1.0.jar:/Users/hazzouma/.m2/repository/jakarta/transaction/jakarta.transaction-api/2.0.1/jakarta.transaction-api-2.0.1.jar:/Users/hazzouma/.m2/repository/org/jboss/logging/jboss-logging/3.6.1.Final/jboss-logging-3.6.1.Final.jar:/Users/hazzouma/.m2/repository/org/hibernate/common/hibernate-commons-annotations/7.0.3.Final/hibernate-commons-annotations-7.0.3.Final.jar:/Users/hazzouma/.m2/repository/io/smallrye/jandex/3.2.0/jandex-3.2.0.jar:/Users/hazzouma/.m2/repository/com/fasterxml/classmate/1.7.0/classmate-1.7.0.jar:/Users/hazzouma/.m2/repository/net/bytebuddy/byte-buddy/1.15.11/byte-buddy-1.15.11.jar:/Users/hazzouma/.m2/repository/org/glassfish/jaxb/jaxb-runtime/4.0.5/jaxb-runtime-4.0.5.jar:/Users/hazzouma/.m2/repository/org/glassfish/jaxb/jaxb-core/4.0.5/jaxb-core-4.0.5.jar:/Users/hazzouma/.m2/repository/org/eclipse/angus/angus-activation/2.0.2/angus-activation-2.0.2.jar:/Users/hazzouma/.m2/repository/org/glassfish/jaxb/txw2/4.0.5/txw2-4.0.5.jar:/Users/hazzouma/.m2/repository/com/sun/istack/istack-commons-runtime/4.1.2/istack-commons-runtime-4.1.2.jar:/Users/hazzouma/.m2/repository/jakarta/inject/jakarta.inject-api/2.0.1/jakarta.inject-api-2.0.1.jar:/Users/hazzouma/.m2/repository/org/antlr/antlr4-runtime/4.13.0/antlr4-runtime-4.13.0.jar:/Users/hazzouma/.m2/repository/org/springframework/data/spring-data-jpa/3.4.4/spring-data-jpa-3.4.4.jar:/Users/hazzouma/.m2/repository/org/springframework/data/spring-data-commons/3.4.4/spring-data-commons-3.4.4.jar:/Users/hazzouma/.m2/repository/org/springframework/spring-orm/6.2.5/spring-orm-6.2.5.jar:/Users/hazzouma/.m2/repository/org/springframework/spring-tx/6.2.5/spring-tx-6.2.5.jar:/Users/hazzouma/.m2/repository/org/slf4j/slf4j-api/2.0.17/slf4j-api-2.0.17.jar:/Users/hazzouma/.m2/repository/org/springframework/spring-aspects/6.2.5/spring-aspects-6.2.5.jar:/Users/hazzouma/.m2/repository/org/aspectj/aspectjweaver/1.9.23/aspectjweaver-1.9.23.jar:/Users/hazzouma/.m2/repository/org/springframework/boot/spring-boot-starter-security/3.4.4/spring-boot-starter-security-3.4.4.jar:/Users/hazzouma/.m2/repository/org/springframework/spring-aop/6.2.5/spring-aop-6.2.5.jar:/Users/hazzouma/.m2/repository/org/springframework/security/spring-security-config/6.4.4/spring-security-config-6.4.4.jar:/Users/hazzouma/.m2/repository/org/springframework/security/spring-security-web/6.4.4/spring-security-web-6.4.4.jar:/Users/hazzouma/.m2/repository/org/springframework/boot/spring-boot-starter-validation/3.4.4/spring-boot-starter-validation-3.4.4.jar:/Users/hazzouma/.m2/repository/org/apache/tomcat/embed/tomcat-embed-el/10.1.39/tomcat-embed-el-10.1.39.jar:/Users/hazzouma/.m2/repository/org/hibernate/validator/hibernate-validator/8.0.2.Final/hibernate-validator-8.0.2.Final.jar:/Users/hazzouma/.m2/repository/jakarta/validation/jakarta.validation-api/3.0.2/jakarta.validation-api-3.0.2.jar:/Users/hazzouma/.m2/repository/org/springframework/boot/spring-boot-starter-data-rest/3.4.4/spring-boot-starter-data-rest-3.4.4.jar:/Users/hazzouma/.m2/repository/org/springframework/data/spring-data-rest-webmvc/4.4.4/spring-data-rest-webmvc-4.4.4.jar:/Users/hazzouma/.m2/repository/org/springframework/data/spring-data-rest-core/4.4.4/spring-data-rest-core-4.4.4.jar:/Users/hazzouma/.m2/repository/org/springframework/hateoas/spring-hateoas/2.4.1/spring-hateoas-2.4.1.jar:/Users/hazzouma/.m2/repository/org/springframework/plugin/spring-plugin-core/3.0.0/spring-plugin-core-3.0.0.jar:/Users/hazzouma/.m2/repository/org/atteo/evo-inflector/1.3/evo-inflector-1.3.jar:/Users/hazzouma/.m2/repository/com/fasterxml/jackson/core/jackson-annotations/2.18.3/jackson-annotations-2.18.3.jar:/Users/hazzouma/.m2/repository/org/springframework/boot/spring-boot-starter-webflux/3.4.4/spring-boot-starter-webflux-3.4.4.jar:/Users/hazzouma/.m2/repository/org/springframework/boot/spring-boot-starter-reactor-netty/3.4.4/spring-boot-starter-reactor-netty-3.4.4.jar:/Users/hazzouma/.m2/repository/io/projectreactor/netty/reactor-netty-http/1.2.4/reactor-netty-http-1.2.4.jar:/Users/hazzouma/.m2/repository/io/netty/netty-codec-http/4.1.119.Final/netty-codec-http-4.1.119.Final.jar:/Users/hazzouma/.m2/repository/io/netty/netty-codec-http2/4.1.119.Final/netty-codec-http2-4.1.119.Final.jar:/Users/hazzouma/.m2/repository/io/netty/netty-resolver-dns/4.1.119.Final/netty-resolver-dns-4.1.119.Final.jar:/Users/hazzouma/.m2/repository/io/netty/netty-codec-dns/4.1.119.Final/netty-codec-dns-4.1.119.Final.jar:/Users/hazzouma/.m2/repository/io/netty/netty-resolver-dns-native-macos/4.1.119.Final/netty-resolver-dns-native-macos-4.1.119.Final-osx-x86_64.jar:/Users/hazzouma/.m2/repository/io/netty/netty-resolver-dns-classes-macos/4.1.119.Final/netty-resolver-dns-classes-macos-4.1.119.Final.jar:/Users/hazzouma/.m2/repository/io/netty/netty-transport-native-epoll/4.1.119.Final/netty-transport-native-epoll-4.1.119.Final-linux-x86_64.jar:/Users/hazzouma/.m2/repository/io/netty/netty-transport-classes-epoll/4.1.119.Final/netty-transport-classes-epoll-4.1.119.Final.jar:/Users/hazzouma/.m2/repository/io/projectreactor/netty/reactor-netty-core/1.2.4/reactor-netty-core-1.2.4.jar:/Users/hazzouma/.m2/repository/io/netty/netty-handler-proxy/4.1.119.Final/netty-handler-proxy-4.1.119.Final.jar:/Users/hazzouma/.m2/repository/io/netty/netty-codec-socks/4.1.119.Final/netty-codec-socks-4.1.119.Final.jar:/Users/hazzouma/.m2/repository/org/springframework/spring-webflux/6.2.5/spring-webflux-6.2.5.jar:/Users/hazzouma/.m2/repository/org/springframework/boot/spring-boot-starter-amqp/3.4.4/spring-boot-starter-amqp-3.4.4.jar:/Users/hazzouma/.m2/repository/org/springframework/spring-messaging/6.2.5/spring-messaging-6.2.5.jar:/Users/hazzouma/.m2/repository/org/springframework/amqp/spring-rabbit/3.2.4/spring-rabbit-3.2.4.jar:/Users/hazzouma/.m2/repository/org/springframework/amqp/spring-amqp/3.2.4/spring-amqp-3.2.4.jar:/Users/hazzouma/.m2/repository/org/springframework/retry/spring-retry/2.0.11/spring-retry-2.0.11.jar:/Users/hazzouma/.m2/repository/com/rabbitmq/amqp-client/5.22.0/amqp-client-5.22.0.jar:/Users/hazzouma/.m2/repository/org/springframework/cloud/spring-cloud-starter-openfeign/4.2.1/spring-cloud-starter-openfeign-4.2.1.jar:/Users/hazzouma/.m2/repository/org/springframework/cloud/spring-cloud-starter/4.2.1/spring-cloud-starter-4.2.1.jar:/Users/hazzouma/.m2/repository/org/springframework/cloud/spring-cloud-context/4.2.1/spring-cloud-context-4.2.1.jar:/Users/hazzouma/.m2/repository/org/bouncycastle/bcprov-jdk18on/1.78.1/bcprov-jdk18on-1.78.1.jar:/Users/hazzouma/.m2/repository/org/springframework/cloud/spring-cloud-openfeign-core/4.2.1/spring-cloud-openfeign-core-4.2.1.jar:/Users/hazzouma/.m2/repository/io/github/openfeign/feign-form-spring/13.5/feign-form-spring-13.5.jar:/Users/hazzouma/.m2/repository/io/github/openfeign/feign-form/13.5/feign-form-13.5.jar:/Users/hazzouma/.m2/repository/commons-fileupload/commons-fileupload/1.5/commons-fileupload-1.5.jar:/Users/hazzouma/.m2/repository/org/springframework/cloud/spring-cloud-commons/4.2.1/spring-cloud-commons-4.2.1.jar:/Users/hazzouma/.m2/repository/org/springframework/security/spring-security-crypto/6.4.4/spring-security-crypto-6.4.4.jar:/Users/hazzouma/.m2/repository/io/github/openfeign/feign-core/13.5/feign-core-13.5.jar:/Users/hazzouma/.m2/repository/io/github/openfeign/feign-slf4j/13.5/feign-slf4j-13.5.jar:/Users/hazzouma/.m2/repository/org/springframework/session/spring-session-data-redis/3.4.2/spring-session-data-redis-3.4.2.jar:/Users/hazzouma/.m2/repository/org/springframework/session/spring-session-core/3.4.2/spring-session-core-3.4.2.jar:/Users/hazzouma/.m2/repository/org/springframework/spring-jcl/6.2.5/spring-jcl-6.2.5.jar:/Users/hazzouma/.m2/repository/org/springframework/data/spring-data-redis/3.4.4/spring-data-redis-3.4.4.jar:/Users/hazzouma/.m2/repository/org/springframework/data/spring-data-keyvalue/3.4.4/spring-data-keyvalue-3.4.4.jar:/Users/hazzouma/.m2/repository/org/springframework/spring-oxm/6.2.5/spring-oxm-6.2.5.jar:/Users/hazzouma/.m2/repository/org/springframework/spring-context-support/6.2.5/spring-context-support-6.2.5.jar:/Users/hazzouma/.m2/repository/org/springframework/boot/spring-boot-starter-data-redis/3.4.4/spring-boot-starter-data-redis-3.4.4.jar:/Users/hazzouma/.m2/repository/io/lettuce/lettuce-core/6.4.2.RELEASE/lettuce-core-6.4.2.RELEASE.jar:/Users/hazzouma/.m2/repository/io/netty/netty-common/4.1.119.Final/netty-common-4.1.119.Final.jar:/Users/hazzouma/.m2/repository/io/netty/netty-handler/4.1.119.Final/netty-handler-4.1.119.Final.jar:/Users/hazzouma/.m2/repository/io/netty/netty-resolver/4.1.119.Final/netty-resolver-4.1.119.Final.jar:/Users/hazzouma/.m2/repository/io/netty/netty-buffer/4.1.119.Final/netty-buffer-4.1.119.Final.jar:/Users/hazzouma/.m2/repository/io/netty/netty-transport-native-unix-common/4.1.119.Final/netty-transport-native-unix-common-4.1.119.Final.jar:/Users/hazzouma/.m2/repository/io/netty/netty-codec/4.1.119.Final/netty-codec-4.1.119.Final.jar:/Users/hazzouma/.m2/repository/io/netty/netty-transport/4.1.119.Final/netty-transport-4.1.119.Final.jar:/Users/hazzouma/.m2/repository/io/projectreactor/reactor-core/3.7.4/reactor-core-3.7.4.jar:/Users/hazzouma/.m2/repository/org/reactivestreams/reactive-streams/1.0.4/reactive-streams-1.0.4.jar:/Users/hazzouma/.m2/repository/org/postgresql/postgresql/42.7.5/postgresql-42.7.5.jar:/Users/hazzouma/.m2/repository/org/checkerframework/checker-qual/3.48.3/checker-qual-3.48.3.jar:/Users/hazzouma/.m2/repository/com/h2database/h2/2.3.232/h2-2.3.232.jar:/Users/hazzouma/.m2/repository/org/springframework/boot/spring-boot-devtools/3.4.4/spring-boot-devtools-3.4.4.jar:/Users/hazzouma/.m2/repository/org/springframework/boot/spring-boot/3.4.4/spring-boot-3.4.4.jar:/Users/hazzouma/.m2/repository/org/springframework/boot/spring-boot-autoconfigure/3.4.4/spring-boot-autoconfigure-3.4.4.jar:/Users/hazzouma/.m2/repository/org/springframework/boot/spring-boot-starter-test/3.4.4/spring-boot-starter-test-3.4.4.jar:/Users/hazzouma/.m2/repository/org/springframework/boot/spring-boot-test/3.4.4/spring-boot-test-3.4.4.jar:/Users/hazzouma/.m2/repository/org/springframework/boot/spring-boot-test-autoconfigure/3.4.4/spring-boot-test-autoconfigure-3.4.4.jar:/Users/hazzouma/.m2/repository/com/jayway/jsonpath/json-path/2.9.0/json-path-2.9.0.jar:/Users/hazzouma/.m2/repository/jakarta/xml/bind/jakarta.xml.bind-api/4.0.2/jakarta.xml.bind-api-4.0.2.jar:/Users/hazzouma/.m2/repository/jakarta/activation/jakarta.activation-api/2.1.3/jakarta.activation-api-2.1.3.jar:/Users/hazzouma/.m2/repository/net/minidev/json-smart/2.5.2/json-smart-2.5.2.jar:/Users/hazzouma/.m2/repository/net/minidev/accessors-smart/2.5.2/accessors-smart-2.5.2.jar:/Users/hazzouma/.m2/repository/org/ow2/asm/asm/9.7.1/asm-9.7.1.jar:/Users/hazzouma/.m2/repository/org/assertj/assertj-core/3.26.3/assertj-core-3.26.3.jar:/Users/hazzouma/.m2/repository/org/awaitility/awaitility/4.2.2/awaitility-4.2.2.jar:/Users/hazzouma/.m2/repository/org/hamcrest/hamcrest/2.2/hamcrest-2.2.jar:/Users/hazzouma/.m2/repository/org/junit/jupiter/junit-jupiter/5.11.4/junit-jupiter-5.11.4.jar:/Users/hazzouma/.m2/repository/org/junit/jupiter/junit-jupiter-api/5.11.4/junit-jupiter-api-5.11.4.jar:/Users/hazzouma/.m2/repository/org/opentest4j/opentest4j/1.3.0/opentest4j-1.3.0.jar:/Users/hazzouma/.m2/repository/org/junit/platform/junit-platform-commons/1.11.4/junit-platform-commons-1.11.4.jar:/Users/hazzouma/.m2/repository/org/apiguardian/apiguardian-api/1.1.2/apiguardian-api-1.1.2.jar:/Users/hazzouma/.m2/repository/org/junit/jupiter/junit-jupiter-params/5.11.4/junit-jupiter-params-5.11.4.jar:/Users/hazzouma/.m2/repository/org/junit/jupiter/junit-jupiter-engine/5.11.4/junit-jupiter-engine-5.11.4.jar:/Users/hazzouma/.m2/repository/org/junit/platform/junit-platform-engine/1.11.4/junit-platform-engine-1.11.4.jar:/Users/hazzouma/.m2/repository/org/mockito/mockito-core/5.14.2/mockito-core-5.14.2.jar:/Users/hazzouma/.m2/repository/net/bytebuddy/byte-buddy-agent/1.15.11/byte-buddy-agent-1.15.11.jar:/Users/hazzouma/.m2/repository/org/objenesis/objenesis/3.3/objenesis-3.3.jar:/Users/hazzouma/.m2/repository/org/mockito/mockito-junit-jupiter/5.14.2/mockito-junit-jupiter-5.14.2.jar:/Users/hazzouma/.m2/repository/org/skyscreamer/jsonassert/1.5.3/jsonassert-1.5.3.jar:/Users/hazzouma/.m2/repository/com/vaadin/external/google/android-json/0.0.20131108.vaadin1/android-json-0.0.20131108.vaadin1.jar:/Users/hazzouma/.m2/repository/org/springframework/spring-core/6.2.5/spring-core-6.2.5.jar:/Users/hazzouma/.m2/repository/org/springframework/spring-test/6.2.5/spring-test-6.2.5.jar:/Users/hazzouma/.m2/repository/org/xmlunit/xmlunit-core/2.10.0/xmlunit-core-2.10.0.jar:/Users/hazzouma/.m2/repository/org/springframework/amqp/spring-rabbit-test/3.2.4/spring-rabbit-test-3.2.4.jar:/Users/hazzouma/.m2/repository/org/springframework/amqp/spring-rabbit-junit/3.2.4/spring-rabbit-junit-3.2.4.jar:/Users/hazzouma/.m2/repository/org/hamcrest/hamcrest-library/2.2/hamcrest-library-2.2.jar:/Users/hazzouma/.m2/repository/org/hamcrest/hamcrest-core/2.2/hamcrest-core-2.2.jar:/Users/hazzouma/.m2/repository/org/springframework/security/spring-security-test/6.4.4/spring-security-test-6.4.4.jar:/Users/hazzouma/.m2/repository/org/springframework/security/spring-security-core/6.4.4/spring-security-core-6.4.4.jar:/Users/hazzouma/.m2/repository/org/springframework/boot/spring-boot-starter-thymeleaf/3.4.4/spring-boot-starter-thymeleaf-3.4.4.jar:/Users/hazzouma/.m2/repository/org/thymeleaf/thymeleaf-spring6/3.1.3.RELEASE/thymeleaf-spring6-3.1.3.RELEASE.jar:/Users/hazzouma/.m2/repository/org/thymeleaf/thymeleaf/3.1.3.RELEASE/thymeleaf-3.1.3.RELEASE.jar:/Users/hazzouma/.m2/repository/org/attoparser/attoparser/2.0.7.RELEASE/attoparser-2.0.7.RELEASE.jar:/Users/hazzouma/.m2/repository/org/unbescape/unbescape/1.1.6.RELEASE/unbescape-1.1.6.RELEASE.jar:/Users/hazzouma/.m2/repository/io/projectreactor/reactor-test/3.7.4/reactor-test-3.7.4.jar:"/>
    <property name="java.vm.vendor" value="Oracle Corporation"/>
    <property name="sun.arch.data.model" value="64"/>
    <property name="java.vendor.url" value="https://java.oracle.com/"/>
    <property name="user.timezone" value="Africa/Cairo"/>
    <property name="org.jboss.logging.provider" value="slf4j"/>
    <property name="os.name" value="Mac OS X"/>
    <property name="java.vm.specification.version" value="23"/>
    <property name="sun.java.launcher" value="SUN_STANDARD"/>
    <property name="user.country" value="EG"/>
    <property name="sun.boot.library.path" value="/Library/Java/JavaVirtualMachines/jdk-23.jdk/Contents/Home/lib"/>
    <property name="sun.java.command" value="/Users/hazzouma/Documents/uni/sem 19/ACL-Booking-System/UserAuthService/target/surefire/surefirebooter-20250519161905646_3.jar /Users/hazzouma/Documents/uni/sem 19/ACL-Booking-System/UserAuthService/target/surefire 2025-05-19T16-19-05_416-jvmRun1 surefire-20250519161905646_1tmp surefire_0-20250519161905646_2tmp"/>
    <property name="http.nonProxyHosts" value="local|*.local|169.254/16|*.169.254/16"/>
    <property name="jdk.debug" value="release"/>
    <property name="surefire.test.class.path" value="/Users/hazzouma/Documents/uni/sem 19/ACL-Booking-System/UserAuthService/target/test-classes:/Users/hazzouma/Documents/uni/sem 19/ACL-Booking-System/UserAuthService/target/classes:/Users/hazzouma/.m2/repository/org/springframework/boot/spring-boot-starter-web/3.4.4/spring-boot-starter-web-3.4.4.jar:/Users/hazzouma/.m2/repository/org/springframework/boot/spring-boot-starter/3.4.4/spring-boot-starter-3.4.4.jar:/Users/hazzouma/.m2/repository/org/springframework/boot/spring-boot-starter-logging/3.4.4/spring-boot-starter-logging-3.4.4.jar:/Users/hazzouma/.m2/repository/ch/qos/logback/logback-classic/1.5.18/logback-classic-1.5.18.jar:/Users/hazzouma/.m2/repository/ch/qos/logback/logback-core/1.5.18/logback-core-1.5.18.jar:/Users/hazzouma/.m2/repository/org/apache/logging/log4j/log4j-to-slf4j/2.24.3/log4j-to-slf4j-2.24.3.jar:/Users/hazzouma/.m2/repository/org/apache/logging/log4j/log4j-api/2.24.3/log4j-api-2.24.3.jar:/Users/hazzouma/.m2/repository/org/slf4j/jul-to-slf4j/2.0.17/jul-to-slf4j-2.0.17.jar:/Users/hazzouma/.m2/repository/jakarta/annotation/jakarta.annotation-api/2.1.1/jakarta.annotation-api-2.1.1.jar:/Users/hazzouma/.m2/repository/org/yaml/snakeyaml/2.3/snakeyaml-2.3.jar:/Users/hazzouma/.m2/repository/org/springframework/boot/spring-boot-starter-json/3.4.4/spring-boot-starter-json-3.4.4.jar:/Users/hazzouma/.m2/repository/com/fasterxml/jackson/core/jackson-databind/2.18.3/jackson-databind-2.18.3.jar:/Users/hazzouma/.m2/repository/com/fasterxml/jackson/core/jackson-core/2.18.3/jackson-core-2.18.3.jar:/Users/hazzouma/.m2/repository/com/fasterxml/jackson/datatype/jackson-datatype-jdk8/2.18.3/jackson-datatype-jdk8-2.18.3.jar:/Users/hazzouma/.m2/repository/com/fasterxml/jackson/datatype/jackson-datatype-jsr310/2.18.3/jackson-datatype-jsr310-2.18.3.jar:/Users/hazzouma/.m2/repository/com/fasterxml/jackson/module/jackson-module-parameter-names/2.18.3/jackson-module-parameter-names-2.18.3.jar:/Users/hazzouma/.m2/repository/org/springframework/boot/spring-boot-starter-tomcat/3.4.4/spring-boot-starter-tomcat-3.4.4.jar:/Users/hazzouma/.m2/repository/org/apache/tomcat/embed/tomcat-embed-core/10.1.39/tomcat-embed-core-10.1.39.jar:/Users/hazzouma/.m2/repository/org/apache/tomcat/embed/tomcat-embed-websocket/10.1.39/tomcat-embed-websocket-10.1.39.jar:/Users/hazzouma/.m2/repository/org/springframework/spring-web/6.2.5/spring-web-6.2.5.jar:/Users/hazzouma/.m2/repository/org/springframework/spring-beans/6.2.5/spring-beans-6.2.5.jar:/Users/hazzouma/.m2/repository/io/micrometer/micrometer-observation/1.14.5/micrometer-observation-1.14.5.jar:/Users/hazzouma/.m2/repository/io/micrometer/micrometer-commons/1.14.5/micrometer-commons-1.14.5.jar:/Users/hazzouma/.m2/repository/org/springframework/spring-webmvc/6.2.5/spring-webmvc-6.2.5.jar:/Users/hazzouma/.m2/repository/org/springframework/spring-context/6.2.5/spring-context-6.2.5.jar:/Users/hazzouma/.m2/repository/org/springframework/spring-expression/6.2.5/spring-expression-6.2.5.jar:/Users/hazzouma/.m2/repository/org/springframework/boot/spring-boot-starter-data-jpa/3.4.4/spring-boot-starter-data-jpa-3.4.4.jar:/Users/hazzouma/.m2/repository/org/springframework/boot/spring-boot-starter-jdbc/3.4.4/spring-boot-starter-jdbc-3.4.4.jar:/Users/hazzouma/.m2/repository/com/zaxxer/HikariCP/5.1.0/HikariCP-5.1.0.jar:/Users/hazzouma/.m2/repository/org/springframework/spring-jdbc/6.2.5/spring-jdbc-6.2.5.jar:/Users/hazzouma/.m2/repository/org/hibernate/orm/hibernate-core/6.6.11.Final/hibernate-core-6.6.11.Final.jar:/Users/hazzouma/.m2/repository/jakarta/persistence/jakarta.persistence-api/3.1.0/jakarta.persistence-api-3.1.0.jar:/Users/hazzouma/.m2/repository/jakarta/transaction/jakarta.transaction-api/2.0.1/jakarta.transaction-api-2.0.1.jar:/Users/hazzouma/.m2/repository/org/jboss/logging/jboss-logging/3.6.1.Final/jboss-logging-3.6.1.Final.jar:/Users/hazzouma/.m2/repository/org/hibernate/common/hibernate-commons-annotations/7.0.3.Final/hibernate-commons-annotations-7.0.3.Final.jar:/Users/hazzouma/.m2/repository/io/smallrye/jandex/3.2.0/jandex-3.2.0.jar:/Users/hazzouma/.m2/repository/com/fasterxml/classmate/1.7.0/classmate-1.7.0.jar:/Users/hazzouma/.m2/repository/net/bytebuddy/byte-buddy/1.15.11/byte-buddy-1.15.11.jar:/Users/hazzouma/.m2/repository/org/glassfish/jaxb/jaxb-runtime/4.0.5/jaxb-runtime-4.0.5.jar:/Users/hazzouma/.m2/repository/org/glassfish/jaxb/jaxb-core/4.0.5/jaxb-core-4.0.5.jar:/Users/hazzouma/.m2/repository/org/eclipse/angus/angus-activation/2.0.2/angus-activation-2.0.2.jar:/Users/hazzouma/.m2/repository/org/glassfish/jaxb/txw2/4.0.5/txw2-4.0.5.jar:/Users/hazzouma/.m2/repository/com/sun/istack/istack-commons-runtime/4.1.2/istack-commons-runtime-4.1.2.jar:/Users/hazzouma/.m2/repository/jakarta/inject/jakarta.inject-api/2.0.1/jakarta.inject-api-2.0.1.jar:/Users/hazzouma/.m2/repository/org/antlr/antlr4-runtime/4.13.0/antlr4-runtime-4.13.0.jar:/Users/hazzouma/.m2/repository/org/springframework/data/spring-data-jpa/3.4.4/spring-data-jpa-3.4.4.jar:/Users/hazzouma/.m2/repository/org/springframework/data/spring-data-commons/3.4.4/spring-data-commons-3.4.4.jar:/Users/hazzouma/.m2/repository/org/springframework/spring-orm/6.2.5/spring-orm-6.2.5.jar:/Users/hazzouma/.m2/repository/org/springframework/spring-tx/6.2.5/spring-tx-6.2.5.jar:/Users/hazzouma/.m2/repository/org/slf4j/slf4j-api/2.0.17/slf4j-api-2.0.17.jar:/Users/hazzouma/.m2/repository/org/springframework/spring-aspects/6.2.5/spring-aspects-6.2.5.jar:/Users/hazzouma/.m2/repository/org/aspectj/aspectjweaver/1.9.23/aspectjweaver-1.9.23.jar:/Users/hazzouma/.m2/repository/org/springframework/boot/spring-boot-starter-security/3.4.4/spring-boot-starter-security-3.4.4.jar:/Users/hazzouma/.m2/repository/org/springframework/spring-aop/6.2.5/spring-aop-6.2.5.jar:/Users/hazzouma/.m2/repository/org/springframework/security/spring-security-config/6.4.4/spring-security-config-6.4.4.jar:/Users/hazzouma/.m2/repository/org/springframework/security/spring-security-web/6.4.4/spring-security-web-6.4.4.jar:/Users/hazzouma/.m2/repository/org/springframework/boot/spring-boot-starter-validation/3.4.4/spring-boot-starter-validation-3.4.4.jar:/Users/hazzouma/.m2/repository/org/apache/tomcat/embed/tomcat-embed-el/10.1.39/tomcat-embed-el-10.1.39.jar:/Users/hazzouma/.m2/repository/org/hibernate/validator/hibernate-validator/8.0.2.Final/hibernate-validator-8.0.2.Final.jar:/Users/hazzouma/.m2/repository/jakarta/validation/jakarta.validation-api/3.0.2/jakarta.validation-api-3.0.2.jar:/Users/hazzouma/.m2/repository/org/springframework/boot/spring-boot-starter-data-rest/3.4.4/spring-boot-starter-data-rest-3.4.4.jar:/Users/hazzouma/.m2/repository/org/springframework/data/spring-data-rest-webmvc/4.4.4/spring-data-rest-webmvc-4.4.4.jar:/Users/hazzouma/.m2/repository/org/springframework/data/spring-data-rest-core/4.4.4/spring-data-rest-core-4.4.4.jar:/Users/hazzouma/.m2/repository/org/springframework/hateoas/spring-hateoas/2.4.1/spring-hateoas-2.4.1.jar:/Users/hazzouma/.m2/repository/org/springframework/plugin/spring-plugin-core/3.0.0/spring-plugin-core-3.0.0.jar:/Users/hazzouma/.m2/repository/org/atteo/evo-inflector/1.3/evo-inflector-1.3.jar:/Users/hazzouma/.m2/repository/com/fasterxml/jackson/core/jackson-annotations/2.18.3/jackson-annotations-2.18.3.jar:/Users/hazzouma/.m2/repository/org/springframework/boot/spring-boot-starter-webflux/3.4.4/spring-boot-starter-webflux-3.4.4.jar:/Users/hazzouma/.m2/repository/org/springframework/boot/spring-boot-starter-reactor-netty/3.4.4/spring-boot-starter-reactor-netty-3.4.4.jar:/Users/hazzouma/.m2/repository/io/projectreactor/netty/reactor-netty-http/1.2.4/reactor-netty-http-1.2.4.jar:/Users/hazzouma/.m2/repository/io/netty/netty-codec-http/4.1.119.Final/netty-codec-http-4.1.119.Final.jar:/Users/hazzouma/.m2/repository/io/netty/netty-codec-http2/4.1.119.Final/netty-codec-http2-4.1.119.Final.jar:/Users/hazzouma/.m2/repository/io/netty/netty-resolver-dns/4.1.119.Final/netty-resolver-dns-4.1.119.Final.jar:/Users/hazzouma/.m2/repository/io/netty/netty-codec-dns/4.1.119.Final/netty-codec-dns-4.1.119.Final.jar:/Users/hazzouma/.m2/repository/io/netty/netty-resolver-dns-native-macos/4.1.119.Final/netty-resolver-dns-native-macos-4.1.119.Final-osx-x86_64.jar:/Users/hazzouma/.m2/repository/io/netty/netty-resolver-dns-classes-macos/4.1.119.Final/netty-resolver-dns-classes-macos-4.1.119.Final.jar:/Users/hazzouma/.m2/repository/io/netty/netty-transport-native-epoll/4.1.119.Final/netty-transport-native-epoll-4.1.119.Final-linux-x86_64.jar:/Users/hazzouma/.m2/repository/io/netty/netty-transport-classes-epoll/4.1.119.Final/netty-transport-classes-epoll-4.1.119.Final.jar:/Users/hazzouma/.m2/repository/io/projectreactor/netty/reactor-netty-core/1.2.4/reactor-netty-core-1.2.4.jar:/Users/hazzouma/.m2/repository/io/netty/netty-handler-proxy/4.1.119.Final/netty-handler-proxy-4.1.119.Final.jar:/Users/hazzouma/.m2/repository/io/netty/netty-codec-socks/4.1.119.Final/netty-codec-socks-4.1.119.Final.jar:/Users/hazzouma/.m2/repository/org/springframework/spring-webflux/6.2.5/spring-webflux-6.2.5.jar:/Users/hazzouma/.m2/repository/org/springframework/boot/spring-boot-starter-amqp/3.4.4/spring-boot-starter-amqp-3.4.4.jar:/Users/hazzouma/.m2/repository/org/springframework/spring-messaging/6.2.5/spring-messaging-6.2.5.jar:/Users/hazzouma/.m2/repository/org/springframework/amqp/spring-rabbit/3.2.4/spring-rabbit-3.2.4.jar:/Users/hazzouma/.m2/repository/org/springframework/amqp/spring-amqp/3.2.4/spring-amqp-3.2.4.jar:/Users/hazzouma/.m2/repository/org/springframework/retry/spring-retry/2.0.11/spring-retry-2.0.11.jar:/Users/hazzouma/.m2/repository/com/rabbitmq/amqp-client/5.22.0/amqp-client-5.22.0.jar:/Users/hazzouma/.m2/repository/org/springframework/cloud/spring-cloud-starter-openfeign/4.2.1/spring-cloud-starter-openfeign-4.2.1.jar:/Users/hazzouma/.m2/repository/org/springframework/cloud/spring-cloud-starter/4.2.1/spring-cloud-starter-4.2.1.jar:/Users/hazzouma/.m2/repository/org/springframework/cloud/spring-cloud-context/4.2.1/spring-cloud-context-4.2.1.jar:/Users/hazzouma/.m2/repository/org/bouncycastle/bcprov-jdk18on/1.78.1/bcprov-jdk18on-1.78.1.jar:/Users/hazzouma/.m2/repository/org/springframework/cloud/spring-cloud-openfeign-core/4.2.1/spring-cloud-openfeign-core-4.2.1.jar:/Users/hazzouma/.m2/repository/io/github/openfeign/feign-form-spring/13.5/feign-form-spring-13.5.jar:/Users/hazzouma/.m2/repository/io/github/openfeign/feign-form/13.5/feign-form-13.5.jar:/Users/hazzouma/.m2/repository/commons-fileupload/commons-fileupload/1.5/commons-fileupload-1.5.jar:/Users/hazzouma/.m2/repository/org/springframework/cloud/spring-cloud-commons/4.2.1/spring-cloud-commons-4.2.1.jar:/Users/hazzouma/.m2/repository/org/springframework/security/spring-security-crypto/6.4.4/spring-security-crypto-6.4.4.jar:/Users/hazzouma/.m2/repository/io/github/openfeign/feign-core/13.5/feign-core-13.5.jar:/Users/hazzouma/.m2/repository/io/github/openfeign/feign-slf4j/13.5/feign-slf4j-13.5.jar:/Users/hazzouma/.m2/repository/org/springframework/session/spring-session-data-redis/3.4.2/spring-session-data-redis-3.4.2.jar:/Users/hazzouma/.m2/repository/org/springframework/session/spring-session-core/3.4.2/spring-session-core-3.4.2.jar:/Users/hazzouma/.m2/repository/org/springframework/spring-jcl/6.2.5/spring-jcl-6.2.5.jar:/Users/hazzouma/.m2/repository/org/springframework/data/spring-data-redis/3.4.4/spring-data-redis-3.4.4.jar:/Users/hazzouma/.m2/repository/org/springframework/data/spring-data-keyvalue/3.4.4/spring-data-keyvalue-3.4.4.jar:/Users/hazzouma/.m2/repository/org/springframework/spring-oxm/6.2.5/spring-oxm-6.2.5.jar:/Users/hazzouma/.m2/repository/org/springframework/spring-context-support/6.2.5/spring-context-support-6.2.5.jar:/Users/hazzouma/.m2/repository/org/springframework/boot/spring-boot-starter-data-redis/3.4.4/spring-boot-starter-data-redis-3.4.4.jar:/Users/hazzouma/.m2/repository/io/lettuce/lettuce-core/6.4.2.RELEASE/lettuce-core-6.4.2.RELEASE.jar:/Users/hazzouma/.m2/repository/io/netty/netty-common/4.1.119.Final/netty-common-4.1.119.Final.jar:/Users/hazzouma/.m2/repository/io/netty/netty-handler/4.1.119.Final/netty-handler-4.1.119.Final.jar:/Users/hazzouma/.m2/repository/io/netty/netty-resolver/4.1.119.Final/netty-resolver-4.1.119.Final.jar:/Users/hazzouma/.m2/repository/io/netty/netty-buffer/4.1.119.Final/netty-buffer-4.1.119.Final.jar:/Users/hazzouma/.m2/repository/io/netty/netty-transport-native-unix-common/4.1.119.Final/netty-transport-native-unix-common-4.1.119.Final.jar:/Users/hazzouma/.m2/repository/io/netty/netty-codec/4.1.119.Final/netty-codec-4.1.119.Final.jar:/Users/hazzouma/.m2/repository/io/netty/netty-transport/4.1.119.Final/netty-transport-4.1.119.Final.jar:/Users/hazzouma/.m2/repository/io/projectreactor/reactor-core/3.7.4/reactor-core-3.7.4.jar:/Users/hazzouma/.m2/repository/org/reactivestreams/reactive-streams/1.0.4/reactive-streams-1.0.4.jar:/Users/hazzouma/.m2/repository/org/postgresql/postgresql/42.7.5/postgresql-42.7.5.jar:/Users/hazzouma/.m2/repository/org/checkerframework/checker-qual/3.48.3/checker-qual-3.48.3.jar:/Users/hazzouma/.m2/repository/com/h2database/h2/2.3.232/h2-2.3.232.jar:/Users/hazzouma/.m2/repository/org/springframework/boot/spring-boot-devtools/3.4.4/spring-boot-devtools-3.4.4.jar:/Users/hazzouma/.m2/repository/org/springframework/boot/spring-boot/3.4.4/spring-boot-3.4.4.jar:/Users/hazzouma/.m2/repository/org/springframework/boot/spring-boot-autoconfigure/3.4.4/spring-boot-autoconfigure-3.4.4.jar:/Users/hazzouma/.m2/repository/org/springframework/boot/spring-boot-starter-test/3.4.4/spring-boot-starter-test-3.4.4.jar:/Users/hazzouma/.m2/repository/org/springframework/boot/spring-boot-test/3.4.4/spring-boot-test-3.4.4.jar:/Users/hazzouma/.m2/repository/org/springframework/boot/spring-boot-test-autoconfigure/3.4.4/spring-boot-test-autoconfigure-3.4.4.jar:/Users/hazzouma/.m2/repository/com/jayway/jsonpath/json-path/2.9.0/json-path-2.9.0.jar:/Users/hazzouma/.m2/repository/jakarta/xml/bind/jakarta.xml.bind-api/4.0.2/jakarta.xml.bind-api-4.0.2.jar:/Users/hazzouma/.m2/repository/jakarta/activation/jakarta.activation-api/2.1.3/jakarta.activation-api-2.1.3.jar:/Users/hazzouma/.m2/repository/net/minidev/json-smart/2.5.2/json-smart-2.5.2.jar:/Users/hazzouma/.m2/repository/net/minidev/accessors-smart/2.5.2/accessors-smart-2.5.2.jar:/Users/hazzouma/.m2/repository/org/ow2/asm/asm/9.7.1/asm-9.7.1.jar:/Users/hazzouma/.m2/repository/org/assertj/assertj-core/3.26.3/assertj-core-3.26.3.jar:/Users/hazzouma/.m2/repository/org/awaitility/awaitility/4.2.2/awaitility-4.2.2.jar:/Users/hazzouma/.m2/repository/org/hamcrest/hamcrest/2.2/hamcrest-2.2.jar:/Users/hazzouma/.m2/repository/org/junit/jupiter/junit-jupiter/5.11.4/junit-jupiter-5.11.4.jar:/Users/hazzouma/.m2/repository/org/junit/jupiter/junit-jupiter-api/5.11.4/junit-jupiter-api-5.11.4.jar:/Users/hazzouma/.m2/repository/org/opentest4j/opentest4j/1.3.0/opentest4j-1.3.0.jar:/Users/hazzouma/.m2/repository/org/junit/platform/junit-platform-commons/1.11.4/junit-platform-commons-1.11.4.jar:/Users/hazzouma/.m2/repository/org/apiguardian/apiguardian-api/1.1.2/apiguardian-api-1.1.2.jar:/Users/hazzouma/.m2/repository/org/junit/jupiter/junit-jupiter-params/5.11.4/junit-jupiter-params-5.11.4.jar:/Users/hazzouma/.m2/repository/org/junit/jupiter/junit-jupiter-engine/5.11.4/junit-jupiter-engine-5.11.4.jar:/Users/hazzouma/.m2/repository/org/junit/platform/junit-platform-engine/1.11.4/junit-platform-engine-1.11.4.jar:/Users/hazzouma/.m2/repository/org/mockito/mockito-core/5.14.2/mockito-core-5.14.2.jar:/Users/hazzouma/.m2/repository/net/bytebuddy/byte-buddy-agent/1.15.11/byte-buddy-agent-1.15.11.jar:/Users/hazzouma/.m2/repository/org/objenesis/objenesis/3.3/objenesis-3.3.jar:/Users/hazzouma/.m2/repository/org/mockito/mockito-junit-jupiter/5.14.2/mockito-junit-jupiter-5.14.2.jar:/Users/hazzouma/.m2/repository/org/skyscreamer/jsonassert/1.5.3/jsonassert-1.5.3.jar:/Users/hazzouma/.m2/repository/com/vaadin/external/google/android-json/0.0.20131108.vaadin1/android-json-0.0.20131108.vaadin1.jar:/Users/hazzouma/.m2/repository/org/springframework/spring-core/6.2.5/spring-core-6.2.5.jar:/Users/hazzouma/.m2/repository/org/springframework/spring-test/6.2.5/spring-test-6.2.5.jar:/Users/hazzouma/.m2/repository/org/xmlunit/xmlunit-core/2.10.0/xmlunit-core-2.10.0.jar:/Users/hazzouma/.m2/repository/org/springframework/amqp/spring-rabbit-test/3.2.4/spring-rabbit-test-3.2.4.jar:/Users/hazzouma/.m2/repository/org/springframework/amqp/spring-rabbit-junit/3.2.4/spring-rabbit-junit-3.2.4.jar:/Users/hazzouma/.m2/repository/org/hamcrest/hamcrest-library/2.2/hamcrest-library-2.2.jar:/Users/hazzouma/.m2/repository/org/hamcrest/hamcrest-core/2.2/hamcrest-core-2.2.jar:/Users/hazzouma/.m2/repository/org/springframework/security/spring-security-test/6.4.4/spring-security-test-6.4.4.jar:/Users/hazzouma/.m2/repository/org/springframework/security/spring-security-core/6.4.4/spring-security-core-6.4.4.jar:/Users/hazzouma/.m2/repository/org/springframework/boot/spring-boot-starter-thymeleaf/3.4.4/spring-boot-starter-thymeleaf-3.4.4.jar:/Users/hazzouma/.m2/repository/org/thymeleaf/thymeleaf-spring6/3.1.3.RELEASE/thymeleaf-spring6-3.1.3.RELEASE.jar:/Users/hazzouma/.m2/repository/org/thymeleaf/thymeleaf/3.1.3.RELEASE/thymeleaf-3.1.3.RELEASE.jar:/Users/hazzouma/.m2/repository/org/attoparser/attoparser/2.0.7.RELEASE/attoparser-2.0.7.RELEASE.jar:/Users/hazzouma/.m2/repository/org/unbescape/unbescape/1.1.6.RELEASE/unbescape-1.1.6.RELEASE.jar:/Users/hazzouma/.m2/repository/io/projectreactor/reactor-test/3.7.4/reactor-test-3.7.4.jar:"/>
    <property name="sun.cpu.endian" value="little"/>
    <property name="user.home" value="/Users/hazzouma"/>
    <property name="user.language" value="en"/>
    <property name="java.specification.vendor" value="Oracle Corporation"/>
    <property name="java.version.date" value="2025-01-21"/>
    <property name="java.home" value="/Library/Java/JavaVirtualMachines/jdk-23.jdk/Contents/Home"/>
    <property name="file.separator" value="/"/>
    <property name="basedir" value="/Users/hazzouma/Documents/uni/sem 19/ACL-Booking-System/UserAuthService"/>
    <property name="java.vm.compressedOopsMode" value="Zero based"/>
    <property name="line.separator" value="&#10;"/>
    <property name="java.vm.specification.vendor" value="Oracle Corporation"/>
    <property name="java.specification.name" value="Java Platform API Specification"/>
    <property name="FILE_LOG_CHARSET" value="UTF-8"/>
    <property name="java.awt.headless" value="true"/>
    <property name="apple.awt.application.name" value="ForkedBooter"/>
    <property name="surefire.real.class.path" value="/Users/hazzouma/Documents/uni/sem 19/ACL-Booking-System/UserAuthService/target/surefire/surefirebooter-20250519161905646_3.jar"/>
    <property name="sun.management.compiler" value="HotSpot 64-Bit Tiered Compilers"/>
    <property name="ftp.nonProxyHosts" value="local|*.local|169.254/16|*.169.254/16"/>
    <property name="java.runtime.version" value="23.0.2+7-58"/>
    <property name="user.name" value="hazzouma"/>
    <property name="stdout.encoding" value="UTF-8"/>
    <property name="path.separator" value=":"/>
    <property name="os.version" value="15.4.1"/>
    <property name="java.runtime.name" value="Java(TM) SE Runtime Environment"/>
    <property name="file.encoding" value="UTF-8"/>
    <property name="java.vm.name" value="Java HotSpot(TM) 64-Bit Server VM"/>
    <property name="localRepository" value="/Users/hazzouma/.m2/repository"/>
    <property name="java.vendor.url.bug" value="https://bugreport.java.com/bugreport/"/>
    <property name="java.io.tmpdir" value="/var/folders/nm/typk96c171bc8hryqqtg3x540000gn/T/"/>
    <property name="java.version" value="23.0.2"/>
    <property name="user.dir" value="/Users/hazzouma/Documents/uni/sem 19/ACL-Booking-System/UserAuthService"/>
    <property name="os.arch" value="aarch64"/>
    <property name="java.vm.specification.name" value="Java Virtual Machine Specification"/>
    <property name="PID" value="26310"/>
    <property name="CONSOLE_LOG_CHARSET" value="UTF-8"/>
    <property name="native.encoding" value="UTF-8"/>
    <property name="java.library.path" value="/Users/hazzouma/Library/Java/Extensions:/Library/Java/Extensions:/Network/Library/Java/Extensions:/System/Library/Java/Extensions:/usr/lib/java:."/>
    <property name="java.vm.info" value="mixed mode, sharing"/>
    <property name="stderr.encoding" value="UTF-8"/>
    <property name="java.vendor" value="Oracle Corporation"/>
    <property name="java.vm.version" value="23.0.2+7-58"/>
    <property name="sun.io.unicode.encoding" value="UnicodeBig"/>
    <property name="socksNonProxyHosts" value="local|*.local|169.254/16|*.169.254/16"/>
    <property name="java.class.version" value="67.0"/>
  </properties>
  <testcase name="testVerifyPhoneOtp" classname="com.example.hotel.UserAuthService.SupabaseAuthServiceTest" time="0.921">
    <error message="&#10;Unnecessary stubbings detected.&#10;Clean &amp; maintainable test code requires zero unnecessary code.&#10;Following stubbings are unnecessary (click to navigate to relevant line of code):&#10;  1. -&gt; at com.example.hotel.UserAuthService.SupabaseAuthServiceTest.setup(SupabaseAuthServiceTest.java:55)&#10;  2. -&gt; at com.example.hotel.UserAuthService.SupabaseAuthServiceTest.setup(SupabaseAuthServiceTest.java:59)&#10;  3. -&gt; at com.example.hotel.UserAuthService.SupabaseAuthServiceTest.setup(SupabaseAuthServiceTest.java:64)&#10;  4. -&gt; at com.example.hotel.UserAuthService.SupabaseAuthServiceTest.setup(SupabaseAuthServiceTest.java:65)&#10;  5. -&gt; at com.example.hotel.UserAuthService.SupabaseAuthServiceTest.setup(SupabaseAuthServiceTest.java:68)&#10;Please remove unnecessary stubbings or use &apos;lenient&apos; strictness. More info: javadoc for UnnecessaryStubbingException class." type="org.mockito.exceptions.misusing.UnnecessaryStubbingException"><![CDATA[org.mockito.exceptions.misusing.UnnecessaryStubbingException: 

Unnecessary stubbings detected.
Clean & maintainable test code requires zero unnecessary code.
Following stubbings are unnecessary (click to navigate to relevant line of code):
  1. -> at com.example.hotel.UserAuthService.SupabaseAuthServiceTest.setup(SupabaseAuthServiceTest.java:55)
  2. -> at com.example.hotel.UserAuthService.SupabaseAuthServiceTest.setup(SupabaseAuthServiceTest.java:59)
  3. -> at com.example.hotel.UserAuthService.SupabaseAuthServiceTest.setup(SupabaseAuthServiceTest.java:64)
  4. -> at com.example.hotel.UserAuthService.SupabaseAuthServiceTest.setup(SupabaseAuthServiceTest.java:65)
  5. -> at com.example.hotel.UserAuthService.SupabaseAuthServiceTest.setup(SupabaseAuthServiceTest.java:68)
Please remove unnecessary stubbings or use 'lenient' strictness. More info: javadoc for UnnecessaryStubbingException class.
	at org.mockito.junit.jupiter.MockitoExtension.afterEach(MockitoExtension.java:197)
	at java.base/java.util.ArrayList.forEach(ArrayList.java:1597)
	at java.base/java.util.ArrayList.forEach(ArrayList.java:1597)
]]></error>
    <system-out><![CDATA[2025-05-19T16:19:22.603+03:00  INFO 26310 --- [           main] c.e.h.U.Services.SupabaseAuthService     : Verifying OTP for phone: +1234567890
2025-05-19T16:19:22.616+03:00  INFO 26310 --- [           main] c.e.h.U.Services.SupabaseAuthService     : Successfully verified OTP for phone: +1234567890
]]></system-out>
  </testcase>
  <testcase name="testGetWalletBalance" classname="com.example.hotel.UserAuthService.SupabaseAuthServiceTest" time="0.023">
    <error message="Cannot invoke &quot;org.springframework.web.reactive.function.client.WebClient$RequestHeadersUriSpec.uri(String, Object[])&quot; because the return value of &quot;org.springframework.web.reactive.function.client.WebClient.get()&quot; is null" type="java.lang.NullPointerException"><![CDATA[java.lang.NullPointerException: Cannot invoke "org.springframework.web.reactive.function.client.WebClient$RequestHeadersUriSpec.uri(String, Object[])" because the return value of "org.springframework.web.reactive.function.client.WebClient.get()" is null
	at com.example.hotel.UserAuthService.Services.SupabaseAuthService.getWalletBalance(SupabaseAuthService.java:228)
	at com.example.hotel.UserAuthService.SupabaseAuthServiceTest.testGetWalletBalance(SupabaseAuthServiceTest.java:203)
	at java.base/java.lang.reflect.Method.invoke(Method.java:580)
	at java.base/java.util.ArrayList.forEach(ArrayList.java:1597)
	at java.base/java.util.ArrayList.forEach(ArrayList.java:1597)
]]></error>
    <system-out><![CDATA[2025-05-19T16:19:22.648+03:00  INFO 26310 --- [           main] c.e.h.U.Services.SupabaseAuthService     : Getting wallet balance for user: user-123
]]></system-out>
  </testcase>
  <testcase name="testSignUpWithEmail" classname="com.example.hotel.UserAuthService.SupabaseAuthServiceTest" time="0.03">
    <error message="&#10;Unnecessary stubbings detected.&#10;Clean &amp; maintainable test code requires zero unnecessary code.&#10;Following stubbings are unnecessary (click to navigate to relevant line of code):&#10;  1. -&gt; at com.example.hotel.UserAuthService.SupabaseAuthServiceTest.setup(SupabaseAuthServiceTest.java:55)&#10;  2. -&gt; at com.example.hotel.UserAuthService.SupabaseAuthServiceTest.setup(SupabaseAuthServiceTest.java:59)&#10;  3. -&gt; at com.example.hotel.UserAuthService.SupabaseAuthServiceTest.setup(SupabaseAuthServiceTest.java:64)&#10;  4. -&gt; at com.example.hotel.UserAuthService.SupabaseAuthServiceTest.setup(SupabaseAuthServiceTest.java:65)&#10;  5. -&gt; at com.example.hotel.UserAuthService.SupabaseAuthServiceTest.setup(SupabaseAuthServiceTest.java:68)&#10;Please remove unnecessary stubbings or use &apos;lenient&apos; strictness. More info: javadoc for UnnecessaryStubbingException class." type="org.mockito.exceptions.misusing.UnnecessaryStubbingException"><![CDATA[org.mockito.exceptions.misusing.UnnecessaryStubbingException: 

Unnecessary stubbings detected.
Clean & maintainable test code requires zero unnecessary code.
Following stubbings are unnecessary (click to navigate to relevant line of code):
  1. -> at com.example.hotel.UserAuthService.SupabaseAuthServiceTest.setup(SupabaseAuthServiceTest.java:55)
  2. -> at com.example.hotel.UserAuthService.SupabaseAuthServiceTest.setup(SupabaseAuthServiceTest.java:59)
  3. -> at com.example.hotel.UserAuthService.SupabaseAuthServiceTest.setup(SupabaseAuthServiceTest.java:64)
  4. -> at com.example.hotel.UserAuthService.SupabaseAuthServiceTest.setup(SupabaseAuthServiceTest.java:65)
  5. -> at com.example.hotel.UserAuthService.SupabaseAuthServiceTest.setup(SupabaseAuthServiceTest.java:68)
Please remove unnecessary stubbings or use 'lenient' strictness. More info: javadoc for UnnecessaryStubbingException class.
	at org.mockito.junit.jupiter.MockitoExtension.afterEach(MockitoExtension.java:197)
	at java.base/java.util.ArrayList.forEach(ArrayList.java:1597)
	at java.base/java.util.ArrayList.forEach(ArrayList.java:1597)
]]></error>
    <system-out><![CDATA[2025-05-19T16:19:22.687+03:00  INFO 26310 --- [           main] c.e.h.U.Services.SupabaseAuthService     : Signing up user with email: test@example.com
2025-05-19T16:19:22.696+03:00  INFO 26310 --- [           main] c.e.h.U.Services.SupabaseAuthService     : Successfully signed up user with email: test@example.com
]]></system-out>
  </testcase>
  <testcase name="testSignUpWithPhone" classname="com.example.hotel.UserAuthService.SupabaseAuthServiceTest" time="0.027">
    <error message="&#10;Unnecessary stubbings detected.&#10;Clean &amp; maintainable test code requires zero unnecessary code.&#10;Following stubbings are unnecessary (click to navigate to relevant line of code):&#10;  1. -&gt; at com.example.hotel.UserAuthService.SupabaseAuthServiceTest.setup(SupabaseAuthServiceTest.java:55)&#10;  2. -&gt; at com.example.hotel.UserAuthService.SupabaseAuthServiceTest.setup(SupabaseAuthServiceTest.java:59)&#10;  3. -&gt; at com.example.hotel.UserAuthService.SupabaseAuthServiceTest.setup(SupabaseAuthServiceTest.java:64)&#10;  4. -&gt; at com.example.hotel.UserAuthService.SupabaseAuthServiceTest.setup(SupabaseAuthServiceTest.java:65)&#10;  5. -&gt; at com.example.hotel.UserAuthService.SupabaseAuthServiceTest.setup(SupabaseAuthServiceTest.java:68)&#10;Please remove unnecessary stubbings or use &apos;lenient&apos; strictness. More info: javadoc for UnnecessaryStubbingException class." type="org.mockito.exceptions.misusing.UnnecessaryStubbingException"><![CDATA[org.mockito.exceptions.misusing.UnnecessaryStubbingException: 

Unnecessary stubbings detected.
Clean & maintainable test code requires zero unnecessary code.
Following stubbings are unnecessary (click to navigate to relevant line of code):
  1. -> at com.example.hotel.UserAuthService.SupabaseAuthServiceTest.setup(SupabaseAuthServiceTest.java:55)
  2. -> at com.example.hotel.UserAuthService.SupabaseAuthServiceTest.setup(SupabaseAuthServiceTest.java:59)
  3. -> at com.example.hotel.UserAuthService.SupabaseAuthServiceTest.setup(SupabaseAuthServiceTest.java:64)
  4. -> at com.example.hotel.UserAuthService.SupabaseAuthServiceTest.setup(SupabaseAuthServiceTest.java:65)
  5. -> at com.example.hotel.UserAuthService.SupabaseAuthServiceTest.setup(SupabaseAuthServiceTest.java:68)
Please remove unnecessary stubbings or use 'lenient' strictness. More info: javadoc for UnnecessaryStubbingException class.
	at org.mockito.junit.jupiter.MockitoExtension.afterEach(MockitoExtension.java:197)
	at java.base/java.util.ArrayList.forEach(ArrayList.java:1597)
	at java.base/java.util.ArrayList.forEach(ArrayList.java:1597)
]]></error>
    <system-out><![CDATA[2025-05-19T16:19:22.714+03:00  INFO 26310 --- [           main] c.e.h.U.Services.SupabaseAuthService     : Signing up user with phone: +1234567890
2025-05-19T16:19:22.722+03:00  INFO 26310 --- [           main] c.e.h.U.Services.SupabaseAuthService     : Successfully signed up user with phone: +1234567890
]]></system-out>
  </testcase>
  <testcase name="testSignInWithEmail" classname="com.example.hotel.UserAuthService.SupabaseAuthServiceTest" time="0.007">
    <error message="&#10;Unnecessary stubbings detected.&#10;Clean &amp; maintainable test code requires zero unnecessary code.&#10;Following stubbings are unnecessary (click to navigate to relevant line of code):&#10;  1. -&gt; at com.example.hotel.UserAuthService.SupabaseAuthServiceTest.setup(SupabaseAuthServiceTest.java:55)&#10;  2. -&gt; at com.example.hotel.UserAuthService.SupabaseAuthServiceTest.setup(SupabaseAuthServiceTest.java:59)&#10;  3. -&gt; at com.example.hotel.UserAuthService.SupabaseAuthServiceTest.setup(SupabaseAuthServiceTest.java:64)&#10;  4. -&gt; at com.example.hotel.UserAuthService.SupabaseAuthServiceTest.setup(SupabaseAuthServiceTest.java:65)&#10;  5. -&gt; at com.example.hotel.UserAuthService.SupabaseAuthServiceTest.setup(SupabaseAuthServiceTest.java:68)&#10;Please remove unnecessary stubbings or use &apos;lenient&apos; strictness. More info: javadoc for UnnecessaryStubbingException class." type="org.mockito.exceptions.misusing.UnnecessaryStubbingException"><![CDATA[org.mockito.exceptions.misusing.UnnecessaryStubbingException: 

Unnecessary stubbings detected.
Clean & maintainable test code requires zero unnecessary code.
Following stubbings are unnecessary (click to navigate to relevant line of code):
  1. -> at com.example.hotel.UserAuthService.SupabaseAuthServiceTest.setup(SupabaseAuthServiceTest.java:55)
  2. -> at com.example.hotel.UserAuthService.SupabaseAuthServiceTest.setup(SupabaseAuthServiceTest.java:59)
  3. -> at com.example.hotel.UserAuthService.SupabaseAuthServiceTest.setup(SupabaseAuthServiceTest.java:64)
  4. -> at com.example.hotel.UserAuthService.SupabaseAuthServiceTest.setup(SupabaseAuthServiceTest.java:65)
  5. -> at com.example.hotel.UserAuthService.SupabaseAuthServiceTest.setup(SupabaseAuthServiceTest.java:68)
Please remove unnecessary stubbings or use 'lenient' strictness. More info: javadoc for UnnecessaryStubbingException class.
	at org.mockito.junit.jupiter.MockitoExtension.afterEach(MockitoExtension.java:197)
	at java.base/java.util.ArrayList.forEach(ArrayList.java:1597)
	at java.base/java.util.ArrayList.forEach(ArrayList.java:1597)
]]></error>
    <system-out><![CDATA[2025-05-19T16:19:22.731+03:00  INFO 26310 --- [           main] c.e.h.U.Services.SupabaseAuthService     : Signing in user with email: test@example.com
2025-05-19T16:19:22.732+03:00  INFO 26310 --- [           main] c.e.h.U.Services.SupabaseAuthService     : Successfully signed in user with email: test@example.com
]]></system-out>
  </testcase>
  <testcase name="testSignInWithPhone" classname="com.example.hotel.UserAuthService.SupabaseAuthServiceTest" time="0.021">
    <error message="&#10;Unnecessary stubbings detected.&#10;Clean &amp; maintainable test code requires zero unnecessary code.&#10;Following stubbings are unnecessary (click to navigate to relevant line of code):&#10;  1. -&gt; at com.example.hotel.UserAuthService.SupabaseAuthServiceTest.setup(SupabaseAuthServiceTest.java:55)&#10;  2. -&gt; at com.example.hotel.UserAuthService.SupabaseAuthServiceTest.setup(SupabaseAuthServiceTest.java:59)&#10;  3. -&gt; at com.example.hotel.UserAuthService.SupabaseAuthServiceTest.setup(SupabaseAuthServiceTest.java:64)&#10;  4. -&gt; at com.example.hotel.UserAuthService.SupabaseAuthServiceTest.setup(SupabaseAuthServiceTest.java:65)&#10;  5. -&gt; at com.example.hotel.UserAuthService.SupabaseAuthServiceTest.setup(SupabaseAuthServiceTest.java:68)&#10;Please remove unnecessary stubbings or use &apos;lenient&apos; strictness. More info: javadoc for UnnecessaryStubbingException class." type="org.mockito.exceptions.misusing.UnnecessaryStubbingException"><![CDATA[org.mockito.exceptions.misusing.UnnecessaryStubbingException: 

Unnecessary stubbings detected.
Clean & maintainable test code requires zero unnecessary code.
Following stubbings are unnecessary (click to navigate to relevant line of code):
  1. -> at com.example.hotel.UserAuthService.SupabaseAuthServiceTest.setup(SupabaseAuthServiceTest.java:55)
  2. -> at com.example.hotel.UserAuthService.SupabaseAuthServiceTest.setup(SupabaseAuthServiceTest.java:59)
  3. -> at com.example.hotel.UserAuthService.SupabaseAuthServiceTest.setup(SupabaseAuthServiceTest.java:64)
  4. -> at com.example.hotel.UserAuthService.SupabaseAuthServiceTest.setup(SupabaseAuthServiceTest.java:65)
  5. -> at com.example.hotel.UserAuthService.SupabaseAuthServiceTest.setup(SupabaseAuthServiceTest.java:68)
Please remove unnecessary stubbings or use 'lenient' strictness. More info: javadoc for UnnecessaryStubbingException class.
	at org.mockito.junit.jupiter.MockitoExtension.afterEach(MockitoExtension.java:197)
	at java.base/java.util.ArrayList.forEach(ArrayList.java:1597)
	at java.base/java.util.ArrayList.forEach(ArrayList.java:1597)
]]></error>
    <system-out><![CDATA[2025-05-19T16:19:22.757+03:00  INFO 26310 --- [           main] c.e.h.U.Services.SupabaseAuthService     : Signing in user with phone: +1234567890
]]></system-out>
  </testcase>
  <testcase name="testResetPassword" classname="com.example.hotel.UserAuthService.SupabaseAuthServiceTest" time="0.01">
    <error message="&#10;Unnecessary stubbings detected.&#10;Clean &amp; maintainable test code requires zero unnecessary code.&#10;Following stubbings are unnecessary (click to navigate to relevant line of code):&#10;  1. -&gt; at com.example.hotel.UserAuthService.SupabaseAuthServiceTest.setup(SupabaseAuthServiceTest.java:55)&#10;  2. -&gt; at com.example.hotel.UserAuthService.SupabaseAuthServiceTest.setup(SupabaseAuthServiceTest.java:59)&#10;  3. -&gt; at com.example.hotel.UserAuthService.SupabaseAuthServiceTest.setup(SupabaseAuthServiceTest.java:64)&#10;  4. -&gt; at com.example.hotel.UserAuthService.SupabaseAuthServiceTest.setup(SupabaseAuthServiceTest.java:65)&#10;  5. -&gt; at com.example.hotel.UserAuthService.SupabaseAuthServiceTest.setup(SupabaseAuthServiceTest.java:68)&#10;Please remove unnecessary stubbings or use &apos;lenient&apos; strictness. More info: javadoc for UnnecessaryStubbingException class." type="org.mockito.exceptions.misusing.UnnecessaryStubbingException"><![CDATA[org.mockito.exceptions.misusing.UnnecessaryStubbingException: 

Unnecessary stubbings detected.
Clean & maintainable test code requires zero unnecessary code.
Following stubbings are unnecessary (click to navigate to relevant line of code):
  1. -> at com.example.hotel.UserAuthService.SupabaseAuthServiceTest.setup(SupabaseAuthServiceTest.java:55)
  2. -> at com.example.hotel.UserAuthService.SupabaseAuthServiceTest.setup(SupabaseAuthServiceTest.java:59)
  3. -> at com.example.hotel.UserAuthService.SupabaseAuthServiceTest.setup(SupabaseAuthServiceTest.java:64)
  4. -> at com.example.hotel.UserAuthService.SupabaseAuthServiceTest.setup(SupabaseAuthServiceTest.java:65)
  5. -> at com.example.hotel.UserAuthService.SupabaseAuthServiceTest.setup(SupabaseAuthServiceTest.java:68)
Please remove unnecessary stubbings or use 'lenient' strictness. More info: javadoc for UnnecessaryStubbingException class.
	at org.mockito.junit.jupiter.MockitoExtension.afterEach(MockitoExtension.java:197)
	at java.base/java.util.ArrayList.forEach(ArrayList.java:1597)
	at java.base/java.util.ArrayList.forEach(ArrayList.java:1597)
]]></error>
    <system-out><![CDATA[2025-05-19T16:19:22.769+03:00  INFO 26310 --- [           main] c.e.h.U.Services.SupabaseAuthService     : Requesting password reset for email: test@example.com
]]></system-out>
  </testcase>
</testsuite>