<?xml version="1.0" encoding="UTF-8"?>
<testsuite xmlns:xsi="http://www.w3.org/2001/XMLSchema-instance" xsi:noNamespaceSchemaLocation="https://maven.apache.org/surefire/maven-surefire-plugin/xsd/surefire-test-report.xsd" version="3.0.2" name="com.example.hotel.EventService.EventServiceApplicationTests" time="3.015" tests="2" errors="0" skipped="0" failures="0">
  <properties>
    <property name="java.specification.version" value="23"/>
    <property name="sun.jnu.encoding" value="UTF-8"/>
    <property name="java.class.path" value="/Users/hazzouma/Documents/uni/sem 19/ACL-Booking-System/EventService/target/test-classes:/Users/hazzouma/Documents/uni/sem 19/ACL-Booking-System/EventService/target/classes:/Users/hazzouma/.m2/repository/org/springframework/boot/spring-boot-starter-web/3.4.4/spring-boot-starter-web-3.4.4.jar:/Users/hazzouma/.m2/repository/org/springframework/boot/spring-boot-starter/3.4.4/spring-boot-starter-3.4.4.jar:/Users/hazzouma/.m2/repository/org/springframework/boot/spring-boot-starter-logging/3.4.4/spring-boot-starter-logging-3.4.4.jar:/Users/hazzouma/.m2/repository/ch/qos/logback/logback-classic/1.5.18/logback-classic-1.5.18.jar:/Users/hazzouma/.m2/repository/ch/qos/logback/logback-core/1.5.18/logback-core-1.5.18.jar:/Users/hazzouma/.m2/repository/org/apache/logging/log4j/log4j-to-slf4j/2.24.3/log4j-to-slf4j-2.24.3.jar:/Users/hazzouma/.m2/repository/org/apache/logging/log4j/log4j-api/2.24.3/log4j-api-2.24.3.jar:/Users/hazzouma/.m2/repository/org/slf4j/jul-to-slf4j/2.0.17/jul-to-slf4j-2.0.17.jar:/Users/hazzouma/.m2/repository/jakarta/annotation/jakarta.annotation-api/2.1.1/jakarta.annotation-api-2.1.1.jar:/Users/hazzouma/.m2/repository/org/yaml/snakeyaml/2.3/snakeyaml-2.3.jar:/Users/hazzouma/.m2/repository/org/springframework/boot/spring-boot-starter-json/3.4.4/spring-boot-starter-json-3.4.4.jar:/Users/hazzouma/.m2/repository/com/fasterxml/jackson/core/jackson-databind/2.18.3/jackson-databind-2.18.3.jar:/Users/hazzouma/.m2/repository/com/fasterxml/jackson/core/jackson-core/2.18.3/jackson-core-2.18.3.jar:/Users/hazzouma/.m2/repository/com/fasterxml/jackson/datatype/jackson-datatype-jdk8/2.18.3/jackson-datatype-jdk8-2.18.3.jar:/Users/hazzouma/.m2/repository/com/fasterxml/jackson/datatype/jackson-datatype-jsr310/2.18.3/jackson-datatype-jsr310-2.18.3.jar:/Users/hazzouma/.m2/repository/com/fasterxml/jackson/module/jackson-module-parameter-names/2.18.3/jackson-module-parameter-names-2.18.3.jar:/Users/hazzouma/.m2/repository/org/springframework/boot/spring-boot-starter-tomcat/3.4.4/spring-boot-starter-tomcat-3.4.4.jar:/Users/hazzouma/.m2/repository/org/apache/tomcat/embed/tomcat-embed-core/10.1.39/tomcat-embed-core-10.1.39.jar:/Users/hazzouma/.m2/repository/org/apache/tomcat/embed/tomcat-embed-websocket/10.1.39/tomcat-embed-websocket-10.1.39.jar:/Users/hazzouma/.m2/repository/org/springframework/spring-web/6.2.5/spring-web-6.2.5.jar:/Users/hazzouma/.m2/repository/org/springframework/spring-beans/6.2.5/spring-beans-6.2.5.jar:/Users/hazzouma/.m2/repository/io/micrometer/micrometer-observation/1.14.5/micrometer-observation-1.14.5.jar:/Users/hazzouma/.m2/repository/io/micrometer/micrometer-commons/1.14.5/micrometer-commons-1.14.5.jar:/Users/hazzouma/.m2/repository/org/springframework/spring-webmvc/6.2.5/spring-webmvc-6.2.5.jar:/Users/hazzouma/.m2/repository/org/springframework/spring-aop/6.2.5/spring-aop-6.2.5.jar:/Users/hazzouma/.m2/repository/org/springframework/spring-context/6.2.5/spring-context-6.2.5.jar:/Users/hazzouma/.m2/repository/org/springframework/spring-expression/6.2.5/spring-expression-6.2.5.jar:/Users/hazzouma/.m2/repository/org/springframework/boot/spring-boot-starter-data-jpa/3.4.4/spring-boot-starter-data-jpa-3.4.4.jar:/Users/hazzouma/.m2/repository/org/springframework/boot/spring-boot-starter-jdbc/3.4.4/spring-boot-starter-jdbc-3.4.4.jar:/Users/hazzouma/.m2/repository/com/zaxxer/HikariCP/5.1.0/HikariCP-5.1.0.jar:/Users/hazzouma/.m2/repository/org/springframework/spring-jdbc/6.2.5/spring-jdbc-6.2.5.jar:/Users/hazzouma/.m2/repository/org/hibernate/orm/hibernate-core/6.6.11.Final/hibernate-core-6.6.11.Final.jar:/Users/hazzouma/.m2/repository/jakarta/persistence/jakarta.persistence-api/3.1.0/jakarta.persistence-api-3.1.0.jar:/Users/hazzouma/.m2/repository/jakarta/transaction/jakarta.transaction-api/2.0.1/jakarta.transaction-api-2.0.1.jar:/Users/hazzouma/.m2/repository/org/jboss/logging/jboss-logging/3.6.1.Final/jboss-logging-3.6.1.Final.jar:/Users/hazzouma/.m2/repository/org/hibernate/common/hibernate-commons-annotations/7.0.3.Final/hibernate-commons-annotations-7.0.3.Final.jar:/Users/hazzouma/.m2/repository/io/smallrye/jandex/3.2.0/jandex-3.2.0.jar:/Users/hazzouma/.m2/repository/com/fasterxml/classmate/1.7.0/classmate-1.7.0.jar:/Users/hazzouma/.m2/repository/net/bytebuddy/byte-buddy/1.15.11/byte-buddy-1.15.11.jar:/Users/hazzouma/.m2/repository/org/glassfish/jaxb/jaxb-runtime/4.0.5/jaxb-runtime-4.0.5.jar:/Users/hazzouma/.m2/repository/org/glassfish/jaxb/jaxb-core/4.0.5/jaxb-core-4.0.5.jar:/Users/hazzouma/.m2/repository/org/eclipse/angus/angus-activation/2.0.2/angus-activation-2.0.2.jar:/Users/hazzouma/.m2/repository/org/glassfish/jaxb/txw2/4.0.5/txw2-4.0.5.jar:/Users/hazzouma/.m2/repository/com/sun/istack/istack-commons-runtime/4.1.2/istack-commons-runtime-4.1.2.jar:/Users/hazzouma/.m2/repository/jakarta/inject/jakarta.inject-api/2.0.1/jakarta.inject-api-2.0.1.jar:/Users/hazzouma/.m2/repository/org/antlr/antlr4-runtime/4.13.0/antlr4-runtime-4.13.0.jar:/Users/hazzouma/.m2/repository/org/springframework/data/spring-data-jpa/3.4.4/spring-data-jpa-3.4.4.jar:/Users/hazzouma/.m2/repository/org/springframework/data/spring-data-commons/3.4.4/spring-data-commons-3.4.4.jar:/Users/hazzouma/.m2/repository/org/springframework/spring-orm/6.2.5/spring-orm-6.2.5.jar:/Users/hazzouma/.m2/repository/org/springframework/spring-tx/6.2.5/spring-tx-6.2.5.jar:/Users/hazzouma/.m2/repository/org/slf4j/slf4j-api/2.0.17/slf4j-api-2.0.17.jar:/Users/hazzouma/.m2/repository/org/springframework/spring-aspects/6.2.5/spring-aspects-6.2.5.jar:/Users/hazzouma/.m2/repository/org/aspectj/aspectjweaver/1.9.23/aspectjweaver-1.9.23.jar:/Users/hazzouma/.m2/repository/org/springframework/boot/spring-boot-starter-validation/3.4.4/spring-boot-starter-validation-3.4.4.jar:/Users/hazzouma/.m2/repository/org/apache/tomcat/embed/tomcat-embed-el/10.1.39/tomcat-embed-el-10.1.39.jar:/Users/hazzouma/.m2/repository/org/hibernate/validator/hibernate-validator/8.0.2.Final/hibernate-validator-8.0.2.Final.jar:/Users/hazzouma/.m2/repository/jakarta/validation/jakarta.validation-api/3.0.2/jakarta.validation-api-3.0.2.jar:/Users/hazzouma/.m2/repository/org/springframework/boot/spring-boot-starter-data-rest/3.4.4/spring-boot-starter-data-rest-3.4.4.jar:/Users/hazzouma/.m2/repository/org/springframework/data/spring-data-rest-webmvc/4.4.4/spring-data-rest-webmvc-4.4.4.jar:/Users/hazzouma/.m2/repository/org/springframework/data/spring-data-rest-core/4.4.4/spring-data-rest-core-4.4.4.jar:/Users/hazzouma/.m2/repository/org/springframework/hateoas/spring-hateoas/2.4.1/spring-hateoas-2.4.1.jar:/Users/hazzouma/.m2/repository/org/springframework/plugin/spring-plugin-core/3.0.0/spring-plugin-core-3.0.0.jar:/Users/hazzouma/.m2/repository/org/atteo/evo-inflector/1.3/evo-inflector-1.3.jar:/Users/hazzouma/.m2/repository/com/fasterxml/jackson/core/jackson-annotations/2.18.3/jackson-annotations-2.18.3.jar:/Users/hazzouma/.m2/repository/org/springframework/boot/spring-boot-starter-amqp/3.4.4/spring-boot-starter-amqp-3.4.4.jar:/Users/hazzouma/.m2/repository/org/springframework/spring-messaging/6.2.5/spring-messaging-6.2.5.jar:/Users/hazzouma/.m2/repository/org/springframework/amqp/spring-rabbit/3.2.4/spring-rabbit-3.2.4.jar:/Users/hazzouma/.m2/repository/org/springframework/amqp/spring-amqp/3.2.4/spring-amqp-3.2.4.jar:/Users/hazzouma/.m2/repository/org/springframework/retry/spring-retry/2.0.11/spring-retry-2.0.11.jar:/Users/hazzouma/.m2/repository/com/rabbitmq/amqp-client/5.22.0/amqp-client-5.22.0.jar:/Users/hazzouma/.m2/repository/org/springframework/cloud/spring-cloud-starter-openfeign/4.2.1/spring-cloud-starter-openfeign-4.2.1.jar:/Users/hazzouma/.m2/repository/org/springframework/cloud/spring-cloud-starter/4.2.1/spring-cloud-starter-4.2.1.jar:/Users/hazzouma/.m2/repository/org/springframework/cloud/spring-cloud-context/4.2.1/spring-cloud-context-4.2.1.jar:/Users/hazzouma/.m2/repository/org/bouncycastle/bcprov-jdk18on/1.78.1/bcprov-jdk18on-1.78.1.jar:/Users/hazzouma/.m2/repository/org/springframework/cloud/spring-cloud-openfeign-core/4.2.1/spring-cloud-openfeign-core-4.2.1.jar:/Users/hazzouma/.m2/repository/io/github/openfeign/feign-form-spring/13.5/feign-form-spring-13.5.jar:/Users/hazzouma/.m2/repository/io/github/openfeign/feign-form/13.5/feign-form-13.5.jar:/Users/hazzouma/.m2/repository/commons-fileupload/commons-fileupload/1.5/commons-fileupload-1.5.jar:/Users/hazzouma/.m2/repository/org/springframework/cloud/spring-cloud-commons/4.2.1/spring-cloud-commons-4.2.1.jar:/Users/hazzouma/.m2/repository/org/springframework/security/spring-security-crypto/6.4.4/spring-security-crypto-6.4.4.jar:/Users/hazzouma/.m2/repository/io/github/openfeign/feign-core/13.5/feign-core-13.5.jar:/Users/hazzouma/.m2/repository/io/github/openfeign/feign-slf4j/13.5/feign-slf4j-13.5.jar:/Users/hazzouma/.m2/repository/org/postgresql/postgresql/42.7.5/postgresql-42.7.5.jar:/Users/hazzouma/.m2/repository/org/checkerframework/checker-qual/3.48.3/checker-qual-3.48.3.jar:/Users/hazzouma/.m2/repository/com/h2database/h2/2.3.232/h2-2.3.232.jar:/Users/hazzouma/.m2/repository/org/springframework/boot/spring-boot-devtools/3.4.4/spring-boot-devtools-3.4.4.jar:/Users/hazzouma/.m2/repository/org/springframework/boot/spring-boot/3.4.4/spring-boot-3.4.4.jar:/Users/hazzouma/.m2/repository/org/springframework/boot/spring-boot-autoconfigure/3.4.4/spring-boot-autoconfigure-3.4.4.jar:/Users/hazzouma/.m2/repository/org/springframework/boot/spring-boot-starter-test/3.4.4/spring-boot-starter-test-3.4.4.jar:/Users/hazzouma/.m2/repository/org/springframework/boot/spring-boot-test/3.4.4/spring-boot-test-3.4.4.jar:/Users/hazzouma/.m2/repository/org/springframework/boot/spring-boot-test-autoconfigure/3.4.4/spring-boot-test-autoconfigure-3.4.4.jar:/Users/hazzouma/.m2/repository/com/jayway/jsonpath/json-path/2.9.0/json-path-2.9.0.jar:/Users/hazzouma/.m2/repository/jakarta/xml/bind/jakarta.xml.bind-api/4.0.2/jakarta.xml.bind-api-4.0.2.jar:/Users/hazzouma/.m2/repository/jakarta/activation/jakarta.activation-api/2.1.3/jakarta.activation-api-2.1.3.jar:/Users/hazzouma/.m2/repository/net/minidev/json-smart/2.5.2/json-smart-2.5.2.jar:/Users/hazzouma/.m2/repository/net/minidev/accessors-smart/2.5.2/accessors-smart-2.5.2.jar:/Users/hazzouma/.m2/repository/org/ow2/asm/asm/9.7.1/asm-9.7.1.jar:/Users/hazzouma/.m2/repository/org/assertj/assertj-core/3.26.3/assertj-core-3.26.3.jar:/Users/hazzouma/.m2/repository/org/awaitility/awaitility/4.2.2/awaitility-4.2.2.jar:/Users/hazzouma/.m2/repository/org/hamcrest/hamcrest/2.2/hamcrest-2.2.jar:/Users/hazzouma/.m2/repository/org/junit/jupiter/junit-jupiter/5.11.4/junit-jupiter-5.11.4.jar:/Users/hazzouma/.m2/repository/org/junit/jupiter/junit-jupiter-api/5.11.4/junit-jupiter-api-5.11.4.jar:/Users/hazzouma/.m2/repository/org/opentest4j/opentest4j/1.3.0/opentest4j-1.3.0.jar:/Users/hazzouma/.m2/repository/org/junit/platform/junit-platform-commons/1.11.4/junit-platform-commons-1.11.4.jar:/Users/hazzouma/.m2/repository/org/apiguardian/apiguardian-api/1.1.2/apiguardian-api-1.1.2.jar:/Users/hazzouma/.m2/repository/org/junit/jupiter/junit-jupiter-params/5.11.4/junit-jupiter-params-5.11.4.jar:/Users/hazzouma/.m2/repository/org/junit/jupiter/junit-jupiter-engine/5.11.4/junit-jupiter-engine-5.11.4.jar:/Users/hazzouma/.m2/repository/org/junit/platform/junit-platform-engine/1.11.4/junit-platform-engine-1.11.4.jar:/Users/hazzouma/.m2/repository/org/mockito/mockito-core/5.14.2/mockito-core-5.14.2.jar:/Users/hazzouma/.m2/repository/net/bytebuddy/byte-buddy-agent/1.15.11/byte-buddy-agent-1.15.11.jar:/Users/hazzouma/.m2/repository/org/objenesis/objenesis/3.3/objenesis-3.3.jar:/Users/hazzouma/.m2/repository/org/mockito/mockito-junit-jupiter/5.14.2/mockito-junit-jupiter-5.14.2.jar:/Users/hazzouma/.m2/repository/org/skyscreamer/jsonassert/1.5.3/jsonassert-1.5.3.jar:/Users/hazzouma/.m2/repository/com/vaadin/external/google/android-json/0.0.20131108.vaadin1/android-json-0.0.20131108.vaadin1.jar:/Users/hazzouma/.m2/repository/org/springframework/spring-core/6.2.5/spring-core-6.2.5.jar:/Users/hazzouma/.m2/repository/org/springframework/spring-jcl/6.2.5/spring-jcl-6.2.5.jar:/Users/hazzouma/.m2/repository/org/springframework/spring-test/6.2.5/spring-test-6.2.5.jar:/Users/hazzouma/.m2/repository/org/xmlunit/xmlunit-core/2.10.0/xmlunit-core-2.10.0.jar:/Users/hazzouma/.m2/repository/org/springframework/amqp/spring-rabbit-test/3.2.4/spring-rabbit-test-3.2.4.jar:/Users/hazzouma/.m2/repository/org/springframework/amqp/spring-rabbit-junit/3.2.4/spring-rabbit-junit-3.2.4.jar:/Users/hazzouma/.m2/repository/org/hamcrest/hamcrest-library/2.2/hamcrest-library-2.2.jar:/Users/hazzouma/.m2/repository/org/hamcrest/hamcrest-core/2.2/hamcrest-core-2.2.jar:/Users/hazzouma/.m2/repository/org/springframework/session/spring-session-data-redis/3.4.2/spring-session-data-redis-3.4.2.jar:/Users/hazzouma/.m2/repository/org/springframework/session/spring-session-core/3.4.2/spring-session-core-3.4.2.jar:/Users/hazzouma/.m2/repository/org/springframework/data/spring-data-redis/3.4.4/spring-data-redis-3.4.4.jar:/Users/hazzouma/.m2/repository/org/springframework/data/spring-data-keyvalue/3.4.4/spring-data-keyvalue-3.4.4.jar:/Users/hazzouma/.m2/repository/org/springframework/spring-oxm/6.2.5/spring-oxm-6.2.5.jar:/Users/hazzouma/.m2/repository/org/springframework/spring-context-support/6.2.5/spring-context-support-6.2.5.jar:/Users/hazzouma/.m2/repository/org/springframework/boot/spring-boot-starter-data-redis/3.4.4/spring-boot-starter-data-redis-3.4.4.jar:/Users/hazzouma/.m2/repository/io/lettuce/lettuce-core/6.4.2.RELEASE/lettuce-core-6.4.2.RELEASE.jar:/Users/hazzouma/.m2/repository/io/netty/netty-common/4.1.119.Final/netty-common-4.1.119.Final.jar:/Users/hazzouma/.m2/repository/io/netty/netty-handler/4.1.119.Final/netty-handler-4.1.119.Final.jar:/Users/hazzouma/.m2/repository/io/netty/netty-resolver/4.1.119.Final/netty-resolver-4.1.119.Final.jar:/Users/hazzouma/.m2/repository/io/netty/netty-buffer/4.1.119.Final/netty-buffer-4.1.119.Final.jar:/Users/hazzouma/.m2/repository/io/netty/netty-transport-native-unix-common/4.1.119.Final/netty-transport-native-unix-common-4.1.119.Final.jar:/Users/hazzouma/.m2/repository/io/netty/netty-codec/4.1.119.Final/netty-codec-4.1.119.Final.jar:/Users/hazzouma/.m2/repository/io/netty/netty-transport/4.1.119.Final/netty-transport-4.1.119.Final.jar:/Users/hazzouma/.m2/repository/io/projectreactor/reactor-core/3.7.4/reactor-core-3.7.4.jar:/Users/hazzouma/.m2/repository/org/reactivestreams/reactive-streams/1.0.4/reactive-streams-1.0.4.jar:"/>
    <property name="java.vm.vendor" value="Oracle Corporation"/>
    <property name="sun.arch.data.model" value="64"/>
    <property name="java.vendor.url" value="https://java.oracle.com/"/>
    <property name="user.timezone" value="Africa/Cairo"/>
    <property name="org.jboss.logging.provider" value="slf4j"/>
    <property name="os.name" value="Mac OS X"/>
    <property name="java.vm.specification.version" value="23"/>
    <property name="APPLICATION_NAME" value="EventService"/>
    <property name="sun.java.launcher" value="SUN_STANDARD"/>
    <property name="user.country" value="EG"/>
    <property name="sun.boot.library.path" value="/Library/Java/JavaVirtualMachines/jdk-23.jdk/Contents/Home/lib"/>
    <property name="sun.java.command" value="/Users/hazzouma/Documents/uni/sem 19/ACL-Booking-System/EventService/target/surefire/surefirebooter-20250516194538474_3.jar /Users/hazzouma/Documents/uni/sem 19/ACL-Booking-System/EventService/target/surefire 2025-05-16T19-45-38_436-jvmRun1 surefire-20250516194538474_1tmp surefire_0-20250516194538474_2tmp"/>
    <property name="http.nonProxyHosts" value="local|*.local|169.254/16|*.169.254/16"/>
    <property name="jdk.debug" value="release"/>
    <property name="surefire.test.class.path" value="/Users/hazzouma/Documents/uni/sem 19/ACL-Booking-System/EventService/target/test-classes:/Users/hazzouma/Documents/uni/sem 19/ACL-Booking-System/EventService/target/classes:/Users/hazzouma/.m2/repository/org/springframework/boot/spring-boot-starter-web/3.4.4/spring-boot-starter-web-3.4.4.jar:/Users/hazzouma/.m2/repository/org/springframework/boot/spring-boot-starter/3.4.4/spring-boot-starter-3.4.4.jar:/Users/hazzouma/.m2/repository/org/springframework/boot/spring-boot-starter-logging/3.4.4/spring-boot-starter-logging-3.4.4.jar:/Users/hazzouma/.m2/repository/ch/qos/logback/logback-classic/1.5.18/logback-classic-1.5.18.jar:/Users/hazzouma/.m2/repository/ch/qos/logback/logback-core/1.5.18/logback-core-1.5.18.jar:/Users/hazzouma/.m2/repository/org/apache/logging/log4j/log4j-to-slf4j/2.24.3/log4j-to-slf4j-2.24.3.jar:/Users/hazzouma/.m2/repository/org/apache/logging/log4j/log4j-api/2.24.3/log4j-api-2.24.3.jar:/Users/hazzouma/.m2/repository/org/slf4j/jul-to-slf4j/2.0.17/jul-to-slf4j-2.0.17.jar:/Users/hazzouma/.m2/repository/jakarta/annotation/jakarta.annotation-api/2.1.1/jakarta.annotation-api-2.1.1.jar:/Users/hazzouma/.m2/repository/org/yaml/snakeyaml/2.3/snakeyaml-2.3.jar:/Users/hazzouma/.m2/repository/org/springframework/boot/spring-boot-starter-json/3.4.4/spring-boot-starter-json-3.4.4.jar:/Users/hazzouma/.m2/repository/com/fasterxml/jackson/core/jackson-databind/2.18.3/jackson-databind-2.18.3.jar:/Users/hazzouma/.m2/repository/com/fasterxml/jackson/core/jackson-core/2.18.3/jackson-core-2.18.3.jar:/Users/hazzouma/.m2/repository/com/fasterxml/jackson/datatype/jackson-datatype-jdk8/2.18.3/jackson-datatype-jdk8-2.18.3.jar:/Users/hazzouma/.m2/repository/com/fasterxml/jackson/datatype/jackson-datatype-jsr310/2.18.3/jackson-datatype-jsr310-2.18.3.jar:/Users/hazzouma/.m2/repository/com/fasterxml/jackson/module/jackson-module-parameter-names/2.18.3/jackson-module-parameter-names-2.18.3.jar:/Users/hazzouma/.m2/repository/org/springframework/boot/spring-boot-starter-tomcat/3.4.4/spring-boot-starter-tomcat-3.4.4.jar:/Users/hazzouma/.m2/repository/org/apache/tomcat/embed/tomcat-embed-core/10.1.39/tomcat-embed-core-10.1.39.jar:/Users/hazzouma/.m2/repository/org/apache/tomcat/embed/tomcat-embed-websocket/10.1.39/tomcat-embed-websocket-10.1.39.jar:/Users/hazzouma/.m2/repository/org/springframework/spring-web/6.2.5/spring-web-6.2.5.jar:/Users/hazzouma/.m2/repository/org/springframework/spring-beans/6.2.5/spring-beans-6.2.5.jar:/Users/hazzouma/.m2/repository/io/micrometer/micrometer-observation/1.14.5/micrometer-observation-1.14.5.jar:/Users/hazzouma/.m2/repository/io/micrometer/micrometer-commons/1.14.5/micrometer-commons-1.14.5.jar:/Users/hazzouma/.m2/repository/org/springframework/spring-webmvc/6.2.5/spring-webmvc-6.2.5.jar:/Users/hazzouma/.m2/repository/org/springframework/spring-aop/6.2.5/spring-aop-6.2.5.jar:/Users/hazzouma/.m2/repository/org/springframework/spring-context/6.2.5/spring-context-6.2.5.jar:/Users/hazzouma/.m2/repository/org/springframework/spring-expression/6.2.5/spring-expression-6.2.5.jar:/Users/hazzouma/.m2/repository/org/springframework/boot/spring-boot-starter-data-jpa/3.4.4/spring-boot-starter-data-jpa-3.4.4.jar:/Users/hazzouma/.m2/repository/org/springframework/boot/spring-boot-starter-jdbc/3.4.4/spring-boot-starter-jdbc-3.4.4.jar:/Users/hazzouma/.m2/repository/com/zaxxer/HikariCP/5.1.0/HikariCP-5.1.0.jar:/Users/hazzouma/.m2/repository/org/springframework/spring-jdbc/6.2.5/spring-jdbc-6.2.5.jar:/Users/hazzouma/.m2/repository/org/hibernate/orm/hibernate-core/6.6.11.Final/hibernate-core-6.6.11.Final.jar:/Users/hazzouma/.m2/repository/jakarta/persistence/jakarta.persistence-api/3.1.0/jakarta.persistence-api-3.1.0.jar:/Users/hazzouma/.m2/repository/jakarta/transaction/jakarta.transaction-api/2.0.1/jakarta.transaction-api-2.0.1.jar:/Users/hazzouma/.m2/repository/org/jboss/logging/jboss-logging/3.6.1.Final/jboss-logging-3.6.1.Final.jar:/Users/hazzouma/.m2/repository/org/hibernate/common/hibernate-commons-annotations/7.0.3.Final/hibernate-commons-annotations-7.0.3.Final.jar:/Users/hazzouma/.m2/repository/io/smallrye/jandex/3.2.0/jandex-3.2.0.jar:/Users/hazzouma/.m2/repository/com/fasterxml/classmate/1.7.0/classmate-1.7.0.jar:/Users/hazzouma/.m2/repository/net/bytebuddy/byte-buddy/1.15.11/byte-buddy-1.15.11.jar:/Users/hazzouma/.m2/repository/org/glassfish/jaxb/jaxb-runtime/4.0.5/jaxb-runtime-4.0.5.jar:/Users/hazzouma/.m2/repository/org/glassfish/jaxb/jaxb-core/4.0.5/jaxb-core-4.0.5.jar:/Users/hazzouma/.m2/repository/org/eclipse/angus/angus-activation/2.0.2/angus-activation-2.0.2.jar:/Users/hazzouma/.m2/repository/org/glassfish/jaxb/txw2/4.0.5/txw2-4.0.5.jar:/Users/hazzouma/.m2/repository/com/sun/istack/istack-commons-runtime/4.1.2/istack-commons-runtime-4.1.2.jar:/Users/hazzouma/.m2/repository/jakarta/inject/jakarta.inject-api/2.0.1/jakarta.inject-api-2.0.1.jar:/Users/hazzouma/.m2/repository/org/antlr/antlr4-runtime/4.13.0/antlr4-runtime-4.13.0.jar:/Users/hazzouma/.m2/repository/org/springframework/data/spring-data-jpa/3.4.4/spring-data-jpa-3.4.4.jar:/Users/hazzouma/.m2/repository/org/springframework/data/spring-data-commons/3.4.4/spring-data-commons-3.4.4.jar:/Users/hazzouma/.m2/repository/org/springframework/spring-orm/6.2.5/spring-orm-6.2.5.jar:/Users/hazzouma/.m2/repository/org/springframework/spring-tx/6.2.5/spring-tx-6.2.5.jar:/Users/hazzouma/.m2/repository/org/slf4j/slf4j-api/2.0.17/slf4j-api-2.0.17.jar:/Users/hazzouma/.m2/repository/org/springframework/spring-aspects/6.2.5/spring-aspects-6.2.5.jar:/Users/hazzouma/.m2/repository/org/aspectj/aspectjweaver/1.9.23/aspectjweaver-1.9.23.jar:/Users/hazzouma/.m2/repository/org/springframework/boot/spring-boot-starter-validation/3.4.4/spring-boot-starter-validation-3.4.4.jar:/Users/hazzouma/.m2/repository/org/apache/tomcat/embed/tomcat-embed-el/10.1.39/tomcat-embed-el-10.1.39.jar:/Users/hazzouma/.m2/repository/org/hibernate/validator/hibernate-validator/8.0.2.Final/hibernate-validator-8.0.2.Final.jar:/Users/hazzouma/.m2/repository/jakarta/validation/jakarta.validation-api/3.0.2/jakarta.validation-api-3.0.2.jar:/Users/hazzouma/.m2/repository/org/springframework/boot/spring-boot-starter-data-rest/3.4.4/spring-boot-starter-data-rest-3.4.4.jar:/Users/hazzouma/.m2/repository/org/springframework/data/spring-data-rest-webmvc/4.4.4/spring-data-rest-webmvc-4.4.4.jar:/Users/hazzouma/.m2/repository/org/springframework/data/spring-data-rest-core/4.4.4/spring-data-rest-core-4.4.4.jar:/Users/hazzouma/.m2/repository/org/springframework/hateoas/spring-hateoas/2.4.1/spring-hateoas-2.4.1.jar:/Users/hazzouma/.m2/repository/org/springframework/plugin/spring-plugin-core/3.0.0/spring-plugin-core-3.0.0.jar:/Users/hazzouma/.m2/repository/org/atteo/evo-inflector/1.3/evo-inflector-1.3.jar:/Users/hazzouma/.m2/repository/com/fasterxml/jackson/core/jackson-annotations/2.18.3/jackson-annotations-2.18.3.jar:/Users/hazzouma/.m2/repository/org/springframework/boot/spring-boot-starter-amqp/3.4.4/spring-boot-starter-amqp-3.4.4.jar:/Users/hazzouma/.m2/repository/org/springframework/spring-messaging/6.2.5/spring-messaging-6.2.5.jar:/Users/hazzouma/.m2/repository/org/springframework/amqp/spring-rabbit/3.2.4/spring-rabbit-3.2.4.jar:/Users/hazzouma/.m2/repository/org/springframework/amqp/spring-amqp/3.2.4/spring-amqp-3.2.4.jar:/Users/hazzouma/.m2/repository/org/springframework/retry/spring-retry/2.0.11/spring-retry-2.0.11.jar:/Users/hazzouma/.m2/repository/com/rabbitmq/amqp-client/5.22.0/amqp-client-5.22.0.jar:/Users/hazzouma/.m2/repository/org/springframework/cloud/spring-cloud-starter-openfeign/4.2.1/spring-cloud-starter-openfeign-4.2.1.jar:/Users/hazzouma/.m2/repository/org/springframework/cloud/spring-cloud-starter/4.2.1/spring-cloud-starter-4.2.1.jar:/Users/hazzouma/.m2/repository/org/springframework/cloud/spring-cloud-context/4.2.1/spring-cloud-context-4.2.1.jar:/Users/hazzouma/.m2/repository/org/bouncycastle/bcprov-jdk18on/1.78.1/bcprov-jdk18on-1.78.1.jar:/Users/hazzouma/.m2/repository/org/springframework/cloud/spring-cloud-openfeign-core/4.2.1/spring-cloud-openfeign-core-4.2.1.jar:/Users/hazzouma/.m2/repository/io/github/openfeign/feign-form-spring/13.5/feign-form-spring-13.5.jar:/Users/hazzouma/.m2/repository/io/github/openfeign/feign-form/13.5/feign-form-13.5.jar:/Users/hazzouma/.m2/repository/commons-fileupload/commons-fileupload/1.5/commons-fileupload-1.5.jar:/Users/hazzouma/.m2/repository/org/springframework/cloud/spring-cloud-commons/4.2.1/spring-cloud-commons-4.2.1.jar:/Users/hazzouma/.m2/repository/org/springframework/security/spring-security-crypto/6.4.4/spring-security-crypto-6.4.4.jar:/Users/hazzouma/.m2/repository/io/github/openfeign/feign-core/13.5/feign-core-13.5.jar:/Users/hazzouma/.m2/repository/io/github/openfeign/feign-slf4j/13.5/feign-slf4j-13.5.jar:/Users/hazzouma/.m2/repository/org/postgresql/postgresql/42.7.5/postgresql-42.7.5.jar:/Users/hazzouma/.m2/repository/org/checkerframework/checker-qual/3.48.3/checker-qual-3.48.3.jar:/Users/hazzouma/.m2/repository/com/h2database/h2/2.3.232/h2-2.3.232.jar:/Users/hazzouma/.m2/repository/org/springframework/boot/spring-boot-devtools/3.4.4/spring-boot-devtools-3.4.4.jar:/Users/hazzouma/.m2/repository/org/springframework/boot/spring-boot/3.4.4/spring-boot-3.4.4.jar:/Users/hazzouma/.m2/repository/org/springframework/boot/spring-boot-autoconfigure/3.4.4/spring-boot-autoconfigure-3.4.4.jar:/Users/hazzouma/.m2/repository/org/springframework/boot/spring-boot-starter-test/3.4.4/spring-boot-starter-test-3.4.4.jar:/Users/hazzouma/.m2/repository/org/springframework/boot/spring-boot-test/3.4.4/spring-boot-test-3.4.4.jar:/Users/hazzouma/.m2/repository/org/springframework/boot/spring-boot-test-autoconfigure/3.4.4/spring-boot-test-autoconfigure-3.4.4.jar:/Users/hazzouma/.m2/repository/com/jayway/jsonpath/json-path/2.9.0/json-path-2.9.0.jar:/Users/hazzouma/.m2/repository/jakarta/xml/bind/jakarta.xml.bind-api/4.0.2/jakarta.xml.bind-api-4.0.2.jar:/Users/hazzouma/.m2/repository/jakarta/activation/jakarta.activation-api/2.1.3/jakarta.activation-api-2.1.3.jar:/Users/hazzouma/.m2/repository/net/minidev/json-smart/2.5.2/json-smart-2.5.2.jar:/Users/hazzouma/.m2/repository/net/minidev/accessors-smart/2.5.2/accessors-smart-2.5.2.jar:/Users/hazzouma/.m2/repository/org/ow2/asm/asm/9.7.1/asm-9.7.1.jar:/Users/hazzouma/.m2/repository/org/assertj/assertj-core/3.26.3/assertj-core-3.26.3.jar:/Users/hazzouma/.m2/repository/org/awaitility/awaitility/4.2.2/awaitility-4.2.2.jar:/Users/hazzouma/.m2/repository/org/hamcrest/hamcrest/2.2/hamcrest-2.2.jar:/Users/hazzouma/.m2/repository/org/junit/jupiter/junit-jupiter/5.11.4/junit-jupiter-5.11.4.jar:/Users/hazzouma/.m2/repository/org/junit/jupiter/junit-jupiter-api/5.11.4/junit-jupiter-api-5.11.4.jar:/Users/hazzouma/.m2/repository/org/opentest4j/opentest4j/1.3.0/opentest4j-1.3.0.jar:/Users/hazzouma/.m2/repository/org/junit/platform/junit-platform-commons/1.11.4/junit-platform-commons-1.11.4.jar:/Users/hazzouma/.m2/repository/org/apiguardian/apiguardian-api/1.1.2/apiguardian-api-1.1.2.jar:/Users/hazzouma/.m2/repository/org/junit/jupiter/junit-jupiter-params/5.11.4/junit-jupiter-params-5.11.4.jar:/Users/hazzouma/.m2/repository/org/junit/jupiter/junit-jupiter-engine/5.11.4/junit-jupiter-engine-5.11.4.jar:/Users/hazzouma/.m2/repository/org/junit/platform/junit-platform-engine/1.11.4/junit-platform-engine-1.11.4.jar:/Users/hazzouma/.m2/repository/org/mockito/mockito-core/5.14.2/mockito-core-5.14.2.jar:/Users/hazzouma/.m2/repository/net/bytebuddy/byte-buddy-agent/1.15.11/byte-buddy-agent-1.15.11.jar:/Users/hazzouma/.m2/repository/org/objenesis/objenesis/3.3/objenesis-3.3.jar:/Users/hazzouma/.m2/repository/org/mockito/mockito-junit-jupiter/5.14.2/mockito-junit-jupiter-5.14.2.jar:/Users/hazzouma/.m2/repository/org/skyscreamer/jsonassert/1.5.3/jsonassert-1.5.3.jar:/Users/hazzouma/.m2/repository/com/vaadin/external/google/android-json/0.0.20131108.vaadin1/android-json-0.0.20131108.vaadin1.jar:/Users/hazzouma/.m2/repository/org/springframework/spring-core/6.2.5/spring-core-6.2.5.jar:/Users/hazzouma/.m2/repository/org/springframework/spring-jcl/6.2.5/spring-jcl-6.2.5.jar:/Users/hazzouma/.m2/repository/org/springframework/spring-test/6.2.5/spring-test-6.2.5.jar:/Users/hazzouma/.m2/repository/org/xmlunit/xmlunit-core/2.10.0/xmlunit-core-2.10.0.jar:/Users/hazzouma/.m2/repository/org/springframework/amqp/spring-rabbit-test/3.2.4/spring-rabbit-test-3.2.4.jar:/Users/hazzouma/.m2/repository/org/springframework/amqp/spring-rabbit-junit/3.2.4/spring-rabbit-junit-3.2.4.jar:/Users/hazzouma/.m2/repository/org/hamcrest/hamcrest-library/2.2/hamcrest-library-2.2.jar:/Users/hazzouma/.m2/repository/org/hamcrest/hamcrest-core/2.2/hamcrest-core-2.2.jar:/Users/hazzouma/.m2/repository/org/springframework/session/spring-session-data-redis/3.4.2/spring-session-data-redis-3.4.2.jar:/Users/hazzouma/.m2/repository/org/springframework/session/spring-session-core/3.4.2/spring-session-core-3.4.2.jar:/Users/hazzouma/.m2/repository/org/springframework/data/spring-data-redis/3.4.4/spring-data-redis-3.4.4.jar:/Users/hazzouma/.m2/repository/org/springframework/data/spring-data-keyvalue/3.4.4/spring-data-keyvalue-3.4.4.jar:/Users/hazzouma/.m2/repository/org/springframework/spring-oxm/6.2.5/spring-oxm-6.2.5.jar:/Users/hazzouma/.m2/repository/org/springframework/spring-context-support/6.2.5/spring-context-support-6.2.5.jar:/Users/hazzouma/.m2/repository/org/springframework/boot/spring-boot-starter-data-redis/3.4.4/spring-boot-starter-data-redis-3.4.4.jar:/Users/hazzouma/.m2/repository/io/lettuce/lettuce-core/6.4.2.RELEASE/lettuce-core-6.4.2.RELEASE.jar:/Users/hazzouma/.m2/repository/io/netty/netty-common/4.1.119.Final/netty-common-4.1.119.Final.jar:/Users/hazzouma/.m2/repository/io/netty/netty-handler/4.1.119.Final/netty-handler-4.1.119.Final.jar:/Users/hazzouma/.m2/repository/io/netty/netty-resolver/4.1.119.Final/netty-resolver-4.1.119.Final.jar:/Users/hazzouma/.m2/repository/io/netty/netty-buffer/4.1.119.Final/netty-buffer-4.1.119.Final.jar:/Users/hazzouma/.m2/repository/io/netty/netty-transport-native-unix-common/4.1.119.Final/netty-transport-native-unix-common-4.1.119.Final.jar:/Users/hazzouma/.m2/repository/io/netty/netty-codec/4.1.119.Final/netty-codec-4.1.119.Final.jar:/Users/hazzouma/.m2/repository/io/netty/netty-transport/4.1.119.Final/netty-transport-4.1.119.Final.jar:/Users/hazzouma/.m2/repository/io/projectreactor/reactor-core/3.7.4/reactor-core-3.7.4.jar:/Users/hazzouma/.m2/repository/org/reactivestreams/reactive-streams/1.0.4/reactive-streams-1.0.4.jar:"/>
    <property name="sun.cpu.endian" value="little"/>
    <property name="user.home" value="/Users/hazzouma"/>
    <property name="user.language" value="en"/>
    <property name="java.specification.vendor" value="Oracle Corporation"/>
    <property name="java.version.date" value="2025-01-21"/>
    <property name="java.home" value="/Library/Java/JavaVirtualMachines/jdk-23.jdk/Contents/Home"/>
    <property name="file.separator" value="/"/>
    <property name="basedir" value="/Users/hazzouma/Documents/uni/sem 19/ACL-Booking-System/EventService"/>
    <property name="java.vm.compressedOopsMode" value="Zero based"/>
    <property name="line.separator" value="&#10;"/>
    <property name="java.vm.specification.vendor" value="Oracle Corporation"/>
    <property name="java.specification.name" value="Java Platform API Specification"/>
    <property name="FILE_LOG_CHARSET" value="UTF-8"/>
    <property name="java.awt.headless" value="true"/>
    <property name="apple.awt.application.name" value="ForkedBooter"/>
    <property name="surefire.real.class.path" value="/Users/hazzouma/Documents/uni/sem 19/ACL-Booking-System/EventService/target/surefire/surefirebooter-20250516194538474_3.jar"/>
    <property name="sun.management.compiler" value="HotSpot 64-Bit Tiered Compilers"/>
    <property name="ftp.nonProxyHosts" value="local|*.local|169.254/16|*.169.254/16"/>
    <property name="java.runtime.version" value="23.0.2+7-58"/>
    <property name="user.name" value="hazzouma"/>
    <property name="stdout.encoding" value="UTF-8"/>
    <property name="path.separator" value=":"/>
    <property name="os.version" value="15.4.1"/>
    <property name="java.runtime.name" value="Java(TM) SE Runtime Environment"/>
    <property name="file.encoding" value="UTF-8"/>
    <property name="java.vm.name" value="Java HotSpot(TM) 64-Bit Server VM"/>
    <property name="localRepository" value="/Users/hazzouma/.m2/repository"/>
    <property name="java.vendor.url.bug" value="https://bugreport.java.com/bugreport/"/>
    <property name="java.io.tmpdir" value="/var/folders/nm/typk96c171bc8hryqqtg3x540000gn/T/"/>
    <property name="com.zaxxer.hikari.pool_number" value="1"/>
    <property name="java.version" value="23.0.2"/>
    <property name="user.dir" value="/Users/hazzouma/Documents/uni/sem 19/ACL-Booking-System/EventService"/>
    <property name="os.arch" value="aarch64"/>
    <property name="java.vm.specification.name" value="Java Virtual Machine Specification"/>
    <property name="PID" value="47898"/>
    <property name="CONSOLE_LOG_CHARSET" value="UTF-8"/>
    <property name="native.encoding" value="UTF-8"/>
    <property name="java.library.path" value="/Users/hazzouma/Library/Java/Extensions:/Library/Java/Extensions:/Network/Library/Java/Extensions:/System/Library/Java/Extensions:/usr/lib/java:."/>
    <property name="java.vm.info" value="mixed mode, sharing"/>
    <property name="stderr.encoding" value="UTF-8"/>
    <property name="java.vendor" value="Oracle Corporation"/>
    <property name="java.vm.version" value="23.0.2+7-58"/>
    <property name="sun.io.unicode.encoding" value="UnicodeBig"/>
    <property name="socksNonProxyHosts" value="local|*.local|169.254/16|*.169.254/16"/>
    <property name="java.class.version" value="67.0"/>
    <property name="LOGGED_APPLICATION_NAME" value="[EventService] "/>
  </properties>
  <testcase name="simpleTest" classname="com.example.hotel.EventService.EventServiceApplicationTests" time="0.253">
    <system-out><![CDATA[19:45:38.805 [main] INFO org.springframework.test.context.support.AnnotationConfigContextLoaderUtils -- Could not detect default configuration classes for test class [com.example.hotel.EventService.EventServiceApplicationTests]: EventServiceApplicationTests does not declare any static, non-private, non-final, nested classes annotated with @Configuration.
19:45:38.857 [main] INFO org.springframework.boot.test.context.SpringBootTestContextBootstrapper -- Found @SpringBootConfiguration com.example.hotel.EventService.EventServiceApplication for test class com.example.hotel.EventService.EventServiceApplicationTests
19:45:39.009 [main] INFO org.springframework.boot.devtools.restart.RestartApplicationListener -- Restart disabled due to context in which it is running

  .   ____          _            __ _ _
 /\\ / ___'_ __ _ _(_)_ __  __ _ \ \ \ \
( ( )\___ | '_ | '_| | '_ \/ _` | \ \ \ \
 \\/  ___)| |_)| | | | | || (_| |  ) ) ) )
  '  |____| .__|_| |_|_| |_\__, | / / / /
 =========|_|==============|___/=/_/_/_/

 :: Spring Boot ::                (v3.4.4)

2025-05-16T19:45:39.140+03:00  INFO 47898 --- [EventService] [           main] c.e.h.E.EventServiceApplicationTests     : Starting EventServiceApplicationTests using Java 23.0.2 with PID 47898 (started by hazzouma in /Users/hazzouma/Documents/uni/sem 19/ACL-Booking-System/EventService)
2025-05-16T19:45:39.141+03:00  INFO 47898 --- [EventService] [           main] c.e.h.E.EventServiceApplicationTests     : The following 1 profile is active: "test"
2025-05-16T19:45:39.447+03:00  INFO 47898 --- [EventService] [           main] .s.d.r.c.RepositoryConfigurationDelegate : Multiple Spring Data modules found, entering strict repository configuration mode
2025-05-16T19:45:39.448+03:00  INFO 47898 --- [EventService] [           main] .s.d.r.c.RepositoryConfigurationDelegate : Bootstrapping Spring Data JPA repositories in DEFAULT mode.
2025-05-16T19:45:39.508+03:00  INFO 47898 --- [EventService] [           main] .s.d.r.c.RepositoryConfigurationDelegate : Finished Spring Data repository scanning in 55 ms. Found 2 JPA repository interfaces.
2025-05-16T19:45:39.517+03:00  INFO 47898 --- [EventService] [           main] .s.d.r.c.RepositoryConfigurationDelegate : Multiple Spring Data modules found, entering strict repository configuration mode
2025-05-16T19:45:39.517+03:00  INFO 47898 --- [EventService] [           main] .s.d.r.c.RepositoryConfigurationDelegate : Bootstrapping Spring Data Redis repositories in DEFAULT mode.
2025-05-16T19:45:39.524+03:00  INFO 47898 --- [EventService] [           main] .RepositoryConfigurationExtensionSupport : Spring Data Redis - Could not safely identify store assignment for repository candidate interface com.example.hotel.EventService.repositories.CategoryRepository; If you want this repository to be a Redis repository, consider annotating your entities with one of these annotations: org.springframework.data.redis.core.RedisHash (preferred), or consider extending one of the following types with your repository: org.springframework.data.keyvalue.repository.KeyValueRepository
2025-05-16T19:45:39.524+03:00  INFO 47898 --- [EventService] [           main] .RepositoryConfigurationExtensionSupport : Spring Data Redis - Could not safely identify store assignment for repository candidate interface com.example.hotel.EventService.repositories.EventRepository; If you want this repository to be a Redis repository, consider annotating your entities with one of these annotations: org.springframework.data.redis.core.RedisHash (preferred), or consider extending one of the following types with your repository: org.springframework.data.keyvalue.repository.KeyValueRepository
2025-05-16T19:45:39.524+03:00  INFO 47898 --- [EventService] [           main] .s.d.r.c.RepositoryConfigurationDelegate : Finished Spring Data repository scanning in 2 ms. Found 0 Redis repository interfaces.
2025-05-16T19:45:39.635+03:00  INFO 47898 --- [EventService] [           main] o.s.cloud.context.scope.GenericScope     : BeanFactory id=60a471be-fbe6-3db1-83d8-d1656c353b6b
2025-05-16T19:45:39.748+03:00  INFO 47898 --- [EventService] [           main] o.hibernate.jpa.internal.util.LogHelper  : HHH000204: Processing PersistenceUnitInfo [name: default]
2025-05-16T19:45:39.776+03:00  INFO 47898 --- [EventService] [           main] org.hibernate.Version                    : HHH000412: Hibernate ORM core version 6.6.11.Final
2025-05-16T19:45:39.789+03:00  INFO 47898 --- [EventService] [           main] o.h.c.internal.RegionFactoryInitiator    : HHH000026: Second-level cache disabled
2025-05-16T19:45:39.888+03:00  INFO 47898 --- [EventService] [           main] o.s.o.j.p.SpringPersistenceUnitInfo      : No LoadTimeWeaver setup: ignoring JPA class transformer
2025-05-16T19:45:39.900+03:00  INFO 47898 --- [EventService] [           main] com.zaxxer.hikari.HikariDataSource       : HikariPool-1 - Starting...
2025-05-16T19:45:39.975+03:00  INFO 47898 --- [EventService] [           main] com.zaxxer.hikari.pool.HikariPool        : HikariPool-1 - Added connection conn0: url=jdbc:h2:mem:testdb user=SA
2025-05-16T19:45:39.976+03:00  INFO 47898 --- [EventService] [           main] com.zaxxer.hikari.HikariDataSource       : HikariPool-1 - Start completed.
2025-05-16T19:45:39.988+03:00  WARN 47898 --- [EventService] [           main] org.hibernate.orm.deprecation            : HHH90000025: H2Dialect does not need to be specified explicitly using 'hibernate.dialect' (remove the property setting and it will be selected by default)
2025-05-16T19:45:39.997+03:00  INFO 47898 --- [EventService] [           main] org.hibernate.orm.connections.pooling    : HHH10001005: Database info:
	Database JDBC URL [Connecting through datasource 'HikariDataSource (HikariPool-1)']
	Database driver: undefined/unknown
	Database version: 2.3.232
	Autocommit mode: undefined/unknown
	Isolation level: undefined/unknown
	Minimum pool size: undefined/unknown
	Maximum pool size: undefined/unknown
2025-05-16T19:45:40.352+03:00  INFO 47898 --- [EventService] [           main] o.h.e.t.j.p.i.JtaPlatformInitiator       : HHH000489: No JTA platform available (set 'hibernate.transaction.jta.platform' to enable JTA platform integration)
Hibernate: 
    drop table if exists categories cascade 
Hibernate: 
    drop table if exists event_categories cascade 
Hibernate: 
    drop table if exists event_participants cascade 
Hibernate: 
    drop table if exists events cascade 
Hibernate: 
    create table categories (
        id bigint generated by default as identity,
        name varchar(50) not null unique,
        description varchar(200),
        primary key (id)
    )
Hibernate: 
    create table event_categories (
        category_id bigint not null,
        event_id bigint not null,
        primary key (category_id, event_id)
    )
Hibernate: 
    create table event_participants (
        event_id bigint not null,
        participant_id bigint
    )
Hibernate: 
    create table events (
        available_tickets integer not null,
        capacity integer not null,
        is_published boolean not null,
        price float(53) not null,
        end_date_time timestamp(6) not null,
        id bigint generated by default as identity,
        organizer_id bigint not null,
        start_date_time timestamp(6) not null,
        title varchar(100) not null,
        location varchar(200) not null,
        description varchar(1000) not null,
        currency varchar(255),
        image_url varchar(255),
        event_type enum ('DRAFT','PRIVATE','PUBLIC') not null,
        primary key (id)
    )
Hibernate: 
    alter table if exists event_categories 
       add constraint FKr1pvd2finvdolgyyntti13d3x 
       foreign key (category_id) 
       references categories
Hibernate: 
    alter table if exists event_categories 
       add constraint FK25gan1thxtb38jlco3w9pjsdo 
       foreign key (event_id) 
       references events
Hibernate: 
    alter table if exists event_participants 
       add constraint FK2x391urx4up03f4jp2y9mdt5x 
       foreign key (event_id) 
       references events
2025-05-16T19:45:40.374+03:00  INFO 47898 --- [EventService] [           main] j.LocalContainerEntityManagerFactoryBean : Initialized JPA EntityManagerFactory for persistence unit 'default'
2025-05-16T19:45:40.480+03:00  INFO 47898 --- [EventService] [           main] o.s.d.j.r.query.QueryEnhancerFactory     : Hibernate is in classpath; If applicable, HQL parser will be used.
2025-05-16T19:45:41.148+03:00  WARN 47898 --- [EventService] [           main] JpaBaseConfiguration$JpaWebConfiguration : spring.jpa.open-in-view is enabled by default. Therefore, database queries may be performed during view rendering. Explicitly configure spring.jpa.open-in-view to disable this warning
2025-05-16T19:45:41.503+03:00  INFO 47898 --- [EventService] [           main] c.e.h.E.EventServiceApplicationTests     : Started EventServiceApplicationTests in 2.5 seconds (process running for 2.992)
]]></system-out>
    <system-err><![CDATA[Mockito is currently self-attaching to enable the inline-mock-maker. This will no longer work in future releases of the JDK. Please add Mockito as an agent to your build what is described in Mockito's documentation: https://javadoc.io/doc/org.mockito/mockito-core/latest/org/mockito/Mockito.html#0.3
WARNING: A Java agent has been loaded dynamically (/Users/hazzouma/.m2/repository/net/bytebuddy/byte-buddy-agent/1.15.11/byte-buddy-agent-1.15.11.jar)
WARNING: If a serviceability tool is in use, please run with -XX:+EnableDynamicAgentLoading to hide this warning
WARNING: If a serviceability tool is not in use, please run with -Djdk.instrument.traceUsage for more information
WARNING: Dynamic loading of agents will be disallowed by default in a future release
]]></system-err>
  </testcase>
  <testcase name="contextLoads" classname="com.example.hotel.EventService.EventServiceApplicationTests" time="0.001"/>
</testsuite>